[DEBUG] 2022-02-27 04:52:38.016 [http-nio-8080-exec-4] IntegratorServiceImpl - Adding Integrator [org.hibernate.cfg.beanvalidation.BeanValidationIntegrator].
[DEBUG] 2022-02-27 04:52:38.033 [http-nio-8080-exec-4] IntegratorServiceImpl - Adding Integrator [org.hibernate.secure.spi.JaccIntegrator].
[DEBUG] 2022-02-27 04:52:38.045 [http-nio-8080-exec-4] IntegratorServiceImpl - Adding Integrator [org.hibernate.cache.internal.CollectionCacheInvalidator].
[TRACE] 2022-02-27 04:52:38.068 [http-nio-8080-exec-4] StrategySelectorImpl - Registering named strategy selector [org.hibernate.dialect.Dialect] : [Cache71] -> [org.hibernate.dialect.Cache71Dialect]
[TRACE] 2022-02-27 04:52:38.071 [http-nio-8080-exec-4] StrategySelectorImpl - Registering named strategy selector [org.hibernate.dialect.Dialect] : [CUBRID] -> [org.hibernate.dialect.CUBRIDDialect]
[TRACE] 2022-02-27 04:52:38.073 [http-nio-8080-exec-4] StrategySelectorImpl - Registering named strategy selector [org.hibernate.dialect.Dialect] : [DB2] -> [org.hibernate.dialect.DB2Dialect]
[TRACE] 2022-02-27 04:52:38.074 [http-nio-8080-exec-4] StrategySelectorImpl - Registering named strategy selector [org.hibernate.dialect.Dialect] : [DB2390] -> [org.hibernate.dialect.DB2390Dialect]
[TRACE] 2022-02-27 04:52:38.075 [http-nio-8080-exec-4] StrategySelectorImpl - Registering named strategy selector [org.hibernate.dialect.Dialect] : [DB2390V8] -> [org.hibernate.dialect.DB2390V8Dialect]
[TRACE] 2022-02-27 04:52:38.076 [http-nio-8080-exec-4] StrategySelectorImpl - Registering named strategy selector [org.hibernate.dialect.Dialect] : [DB2400] -> [org.hibernate.dialect.DB2400Dialect]
[TRACE] 2022-02-27 04:52:38.078 [http-nio-8080-exec-4] StrategySelectorImpl - Registering named strategy selector [org.hibernate.dialect.Dialect] : [DerbyTenFive] -> [org.hibernate.dialect.DerbyTenFiveDialect]
[TRACE] 2022-02-27 04:52:38.079 [http-nio-8080-exec-4] StrategySelectorImpl - Registering named strategy selector [org.hibernate.dialect.Dialect] : [DerbyTenSix] -> [org.hibernate.dialect.DerbyTenSixDialect]
[TRACE] 2022-02-27 04:52:38.081 [http-nio-8080-exec-4] StrategySelectorImpl - Registering named strategy selector [org.hibernate.dialect.Dialect] : [DerbyTenSeven] -> [org.hibernate.dialect.DerbyTenSevenDialect]
[TRACE] 2022-02-27 04:52:38.082 [http-nio-8080-exec-4] StrategySelectorImpl - Registering named strategy selector [org.hibernate.dialect.Dialect] : [Firebird] -> [org.hibernate.dialect.FirebirdDialect]
[TRACE] 2022-02-27 04:52:38.084 [http-nio-8080-exec-4] StrategySelectorImpl - Registering named strategy selector [org.hibernate.dialect.Dialect] : [FrontBase] -> [org.hibernate.dialect.FrontBaseDialect]
[TRACE] 2022-02-27 04:52:38.086 [http-nio-8080-exec-4] StrategySelectorImpl - Registering named strategy selector [org.hibernate.dialect.Dialect] : [H2] -> [org.hibernate.dialect.H2Dialect]
[TRACE] 2022-02-27 04:52:38.091 [http-nio-8080-exec-4] StrategySelectorImpl - Registering named strategy selector [org.hibernate.dialect.Dialect] : [HANAColumnStore] -> [org.hibernate.dialect.HANAColumnStoreDialect]
[TRACE] 2022-02-27 04:52:38.092 [http-nio-8080-exec-4] StrategySelectorImpl - Registering named strategy selector [org.hibernate.dialect.Dialect] : [HANARowStore] -> [org.hibernate.dialect.HANARowStoreDialect]
[TRACE] 2022-02-27 04:52:38.093 [http-nio-8080-exec-4] StrategySelectorImpl - Registering named strategy selector [org.hibernate.dialect.Dialect] : [HSQL] -> [org.hibernate.dialect.HSQLDialect]
[TRACE] 2022-02-27 04:52:38.095 [http-nio-8080-exec-4] StrategySelectorImpl - Registering named strategy selector [org.hibernate.dialect.Dialect] : [Informix] -> [org.hibernate.dialect.InformixDialect]
[TRACE] 2022-02-27 04:52:38.097 [http-nio-8080-exec-4] StrategySelectorImpl - Registering named strategy selector [org.hibernate.dialect.Dialect] : [Ingres] -> [org.hibernate.dialect.IngresDialect]
[TRACE] 2022-02-27 04:52:38.098 [http-nio-8080-exec-4] StrategySelectorImpl - Registering named strategy selector [org.hibernate.dialect.Dialect] : [Ingres9] -> [org.hibernate.dialect.Ingres9Dialect]
[TRACE] 2022-02-27 04:52:38.100 [http-nio-8080-exec-4] StrategySelectorImpl - Registering named strategy selector [org.hibernate.dialect.Dialect] : [Ingres10] -> [org.hibernate.dialect.Ingres10Dialect]
[TRACE] 2022-02-27 04:52:38.101 [http-nio-8080-exec-4] StrategySelectorImpl - Registering named strategy selector [org.hibernate.dialect.Dialect] : [Interbase] -> [org.hibernate.dialect.InterbaseDialect]
[TRACE] 2022-02-27 04:52:38.103 [http-nio-8080-exec-4] StrategySelectorImpl - Registering named strategy selector [org.hibernate.dialect.Dialect] : [JDataStore] -> [org.hibernate.dialect.JDataStoreDialect]
[TRACE] 2022-02-27 04:52:38.104 [http-nio-8080-exec-4] StrategySelectorImpl - Registering named strategy selector [org.hibernate.dialect.Dialect] : [Mckoi] -> [org.hibernate.dialect.MckoiDialect]
[TRACE] 2022-02-27 04:52:38.105 [http-nio-8080-exec-4] StrategySelectorImpl - Registering named strategy selector [org.hibernate.dialect.Dialect] : [MimerSQL] -> [org.hibernate.dialect.MimerSQLDialect]
[TRACE] 2022-02-27 04:52:38.107 [http-nio-8080-exec-4] StrategySelectorImpl - Registering named strategy selector [org.hibernate.dialect.Dialect] : [MySQL5] -> [org.hibernate.dialect.MySQL5Dialect]
[TRACE] 2022-02-27 04:52:38.109 [http-nio-8080-exec-4] StrategySelectorImpl - Registering named strategy selector [org.hibernate.dialect.Dialect] : [MySQL5InnoDB] -> [org.hibernate.dialect.MySQL5InnoDBDialect]
[TRACE] 2022-02-27 04:52:38.111 [http-nio-8080-exec-4] StrategySelectorImpl - Registering named strategy selector [org.hibernate.dialect.Dialect] : [MySQL57InnoDB] -> [org.hibernate.dialect.MySQL57InnoDBDialect]
[TRACE] 2022-02-27 04:52:38.113 [http-nio-8080-exec-4] StrategySelectorImpl - Registering named strategy selector [org.hibernate.dialect.Dialect] : [MySQL57] -> [org.hibernate.dialect.MySQL57Dialect]
[TRACE] 2022-02-27 04:52:38.114 [http-nio-8080-exec-4] StrategySelectorImpl - Registering named strategy selector [org.hibernate.dialect.Dialect] : [MySQL8] -> [org.hibernate.dialect.MySQL8Dialect]
[TRACE] 2022-02-27 04:52:38.115 [http-nio-8080-exec-4] StrategySelectorImpl - Registering named strategy selector [org.hibernate.dialect.Dialect] : [Oracle8i] -> [org.hibernate.dialect.Oracle8iDialect]
[TRACE] 2022-02-27 04:52:38.117 [http-nio-8080-exec-4] StrategySelectorImpl - Registering named strategy selector [org.hibernate.dialect.Dialect] : [Oracle9i] -> [org.hibernate.dialect.Oracle9iDialect]
[TRACE] 2022-02-27 04:52:38.119 [http-nio-8080-exec-4] StrategySelectorImpl - Registering named strategy selector [org.hibernate.dialect.Dialect] : [Oracle10g] -> [org.hibernate.dialect.Oracle10gDialect]
[TRACE] 2022-02-27 04:52:38.122 [http-nio-8080-exec-4] StrategySelectorImpl - Registering named strategy selector [org.hibernate.dialect.Dialect] : [Pointbase] -> [org.hibernate.dialect.PointbaseDialect]
[TRACE] 2022-02-27 04:52:38.128 [http-nio-8080-exec-4] StrategySelectorImpl - Registering named strategy selector [org.hibernate.dialect.Dialect] : [PostgresPlus] -> [org.hibernate.dialect.PostgresPlusDialect]
[TRACE] 2022-02-27 04:52:38.128 [http-nio-8080-exec-4] StrategySelectorImpl - Registering named strategy selector [org.hibernate.dialect.Dialect] : [PostgreSQL81] -> [org.hibernate.dialect.PostgreSQL81Dialect]
[TRACE] 2022-02-27 04:52:38.128 [http-nio-8080-exec-4] StrategySelectorImpl - Registering named strategy selector [org.hibernate.dialect.Dialect] : [PostgreSQL82] -> [org.hibernate.dialect.PostgreSQL82Dialect]
[TRACE] 2022-02-27 04:52:38.129 [http-nio-8080-exec-4] StrategySelectorImpl - Registering named strategy selector [org.hibernate.dialect.Dialect] : [PostgreSQL9] -> [org.hibernate.dialect.PostgreSQL9Dialect]
[TRACE] 2022-02-27 04:52:38.130 [http-nio-8080-exec-4] StrategySelectorImpl - Registering named strategy selector [org.hibernate.dialect.Dialect] : [Progress] -> [org.hibernate.dialect.ProgressDialect]
[TRACE] 2022-02-27 04:52:38.131 [http-nio-8080-exec-4] StrategySelectorImpl - Registering named strategy selector [org.hibernate.dialect.Dialect] : [SAPDB] -> [org.hibernate.dialect.SAPDBDialect]
[TRACE] 2022-02-27 04:52:38.135 [http-nio-8080-exec-4] StrategySelectorImpl - Registering named strategy selector [org.hibernate.dialect.Dialect] : [SQLServer] -> [org.hibernate.dialect.SQLServerDialect]
[TRACE] 2022-02-27 04:52:38.138 [http-nio-8080-exec-4] StrategySelectorImpl - Registering named strategy selector [org.hibernate.dialect.Dialect] : [SQLServer2005] -> [org.hibernate.dialect.SQLServer2005Dialect]
[TRACE] 2022-02-27 04:52:38.139 [http-nio-8080-exec-4] StrategySelectorImpl - Registering named strategy selector [org.hibernate.dialect.Dialect] : [SQLServer2008] -> [org.hibernate.dialect.SQLServer2008Dialect]
[TRACE] 2022-02-27 04:52:38.142 [http-nio-8080-exec-4] StrategySelectorImpl - Registering named strategy selector [org.hibernate.dialect.Dialect] : [Sybase11] -> [org.hibernate.dialect.Sybase11Dialect]
[TRACE] 2022-02-27 04:52:38.143 [http-nio-8080-exec-4] StrategySelectorImpl - Registering named strategy selector [org.hibernate.dialect.Dialect] : [SybaseAnywhere] -> [org.hibernate.dialect.SybaseAnywhereDialect]
[TRACE] 2022-02-27 04:52:38.144 [http-nio-8080-exec-4] StrategySelectorImpl - Registering named strategy selector [org.hibernate.dialect.Dialect] : [SybaseASE15] -> [org.hibernate.dialect.SybaseASE15Dialect]
[TRACE] 2022-02-27 04:52:38.145 [http-nio-8080-exec-4] StrategySelectorImpl - Registering named strategy selector [org.hibernate.dialect.Dialect] : [SybaseASE157] -> [org.hibernate.dialect.SybaseASE157Dialect]
[TRACE] 2022-02-27 04:52:38.147 [http-nio-8080-exec-4] StrategySelectorImpl - Registering named strategy selector [org.hibernate.dialect.Dialect] : [Teradata] -> [org.hibernate.dialect.TeradataDialect]
[TRACE] 2022-02-27 04:52:38.151 [http-nio-8080-exec-4] StrategySelectorImpl - Registering named strategy selector [org.hibernate.dialect.Dialect] : [TimesTen] -> [org.hibernate.dialect.TimesTenDialect]
[TRACE] 2022-02-27 04:52:38.155 [http-nio-8080-exec-4] StrategySelectorImpl - Registering named strategy selector [org.hibernate.engine.transaction.jta.platform.spi.JtaPlatform] : [Atomikos] -> [org.hibernate.engine.transaction.jta.platform.internal.AtomikosJtaPlatform]
[TRACE] 2022-02-27 04:52:38.156 [http-nio-8080-exec-4] StrategySelectorImpl - Registering named strategy selector [org.hibernate.engine.transaction.jta.platform.spi.JtaPlatform] : [org.hibernate.service.jta.platform.internal.AtomikosJtaPlatform] -> [org.hibernate.engine.transaction.jta.platform.internal.AtomikosJtaPlatform]
[TRACE] 2022-02-27 04:52:38.157 [http-nio-8080-exec-4] StrategySelectorImpl - Registering named strategy selector [org.hibernate.engine.transaction.jta.platform.spi.JtaPlatform] : [Borland] -> [org.hibernate.engine.transaction.jta.platform.internal.BorlandEnterpriseServerJtaPlatform]
[TRACE] 2022-02-27 04:52:38.158 [http-nio-8080-exec-4] StrategySelectorImpl - Registering named strategy selector [org.hibernate.engine.transaction.jta.platform.spi.JtaPlatform] : [org.hibernate.service.jta.platform.internal.BorlandEnterpriseServerJtaPlatform] -> [org.hibernate.engine.transaction.jta.platform.internal.BorlandEnterpriseServerJtaPlatform]
[TRACE] 2022-02-27 04:52:38.159 [http-nio-8080-exec-4] StrategySelectorImpl - Registering named strategy selector [org.hibernate.engine.transaction.jta.platform.spi.JtaPlatform] : [Bitronix] -> [org.hibernate.engine.transaction.jta.platform.internal.BitronixJtaPlatform]
[TRACE] 2022-02-27 04:52:38.159 [http-nio-8080-exec-4] StrategySelectorImpl - Registering named strategy selector [org.hibernate.engine.transaction.jta.platform.spi.JtaPlatform] : [org.hibernate.service.jta.platform.internal.BitronixJtaPlatform] -> [org.hibernate.engine.transaction.jta.platform.internal.BitronixJtaPlatform]
[TRACE] 2022-02-27 04:52:38.161 [http-nio-8080-exec-4] StrategySelectorImpl - Registering named strategy selector [org.hibernate.engine.transaction.jta.platform.spi.JtaPlatform] : [JBossAS] -> [org.hibernate.engine.transaction.jta.platform.internal.JBossAppServerJtaPlatform]
[TRACE] 2022-02-27 04:52:38.161 [http-nio-8080-exec-4] StrategySelectorImpl - Registering named strategy selector [org.hibernate.engine.transaction.jta.platform.spi.JtaPlatform] : [org.hibernate.service.jta.platform.internal.JBossAppServerJtaPlatform] -> [org.hibernate.engine.transaction.jta.platform.internal.JBossAppServerJtaPlatform]
[TRACE] 2022-02-27 04:52:38.164 [http-nio-8080-exec-4] StrategySelectorImpl - Registering named strategy selector [org.hibernate.engine.transaction.jta.platform.spi.JtaPlatform] : [JBossTS] -> [org.hibernate.engine.transaction.jta.platform.internal.JBossStandAloneJtaPlatform]
[TRACE] 2022-02-27 04:52:38.164 [http-nio-8080-exec-4] StrategySelectorImpl - Registering named strategy selector [org.hibernate.engine.transaction.jta.platform.spi.JtaPlatform] : [org.hibernate.service.jta.platform.internal.JBossStandAloneJtaPlatform] -> [org.hibernate.engine.transaction.jta.platform.internal.JBossStandAloneJtaPlatform]
[TRACE] 2022-02-27 04:52:38.165 [http-nio-8080-exec-4] StrategySelectorImpl - Registering named strategy selector [org.hibernate.engine.transaction.jta.platform.spi.JtaPlatform] : [JOnAS] -> [org.hibernate.engine.transaction.jta.platform.internal.JOnASJtaPlatform]
[TRACE] 2022-02-27 04:52:38.165 [http-nio-8080-exec-4] StrategySelectorImpl - Registering named strategy selector [org.hibernate.engine.transaction.jta.platform.spi.JtaPlatform] : [org.hibernate.service.jta.platform.internal.JOnASJtaPlatform] -> [org.hibernate.engine.transaction.jta.platform.internal.JOnASJtaPlatform]
[TRACE] 2022-02-27 04:52:38.167 [http-nio-8080-exec-4] StrategySelectorImpl - Registering named strategy selector [org.hibernate.engine.transaction.jta.platform.spi.JtaPlatform] : [JOTM] -> [org.hibernate.engine.transaction.jta.platform.internal.JOTMJtaPlatform]
[TRACE] 2022-02-27 04:52:38.167 [http-nio-8080-exec-4] StrategySelectorImpl - Registering named strategy selector [org.hibernate.engine.transaction.jta.platform.spi.JtaPlatform] : [org.hibernate.service.jta.platform.internal.JOTMJtaPlatform] -> [org.hibernate.engine.transaction.jta.platform.internal.JOTMJtaPlatform]
[TRACE] 2022-02-27 04:52:38.168 [http-nio-8080-exec-4] StrategySelectorImpl - Registering named strategy selector [org.hibernate.engine.transaction.jta.platform.spi.JtaPlatform] : [JRun4] -> [org.hibernate.engine.transaction.jta.platform.internal.JRun4JtaPlatform]
[TRACE] 2022-02-27 04:52:38.168 [http-nio-8080-exec-4] StrategySelectorImpl - Registering named strategy selector [org.hibernate.engine.transaction.jta.platform.spi.JtaPlatform] : [org.hibernate.service.jta.platform.internal.JRun4JtaPlatform] -> [org.hibernate.engine.transaction.jta.platform.internal.JRun4JtaPlatform]
[TRACE] 2022-02-27 04:52:38.169 [http-nio-8080-exec-4] StrategySelectorImpl - Registering named strategy selector [org.hibernate.engine.transaction.jta.platform.spi.JtaPlatform] : [OC4J] -> [org.hibernate.engine.transaction.jta.platform.internal.OC4JJtaPlatform]
[TRACE] 2022-02-27 04:52:38.169 [http-nio-8080-exec-4] StrategySelectorImpl - Registering named strategy selector [org.hibernate.engine.transaction.jta.platform.spi.JtaPlatform] : [org.hibernate.service.jta.platform.internal.OC4JJtaPlatform] -> [org.hibernate.engine.transaction.jta.platform.internal.OC4JJtaPlatform]
[TRACE] 2022-02-27 04:52:38.171 [http-nio-8080-exec-4] StrategySelectorImpl - Registering named strategy selector [org.hibernate.engine.transaction.jta.platform.spi.JtaPlatform] : [Orion] -> [org.hibernate.engine.transaction.jta.platform.internal.OrionJtaPlatform]
[TRACE] 2022-02-27 04:52:38.171 [http-nio-8080-exec-4] StrategySelectorImpl - Registering named strategy selector [org.hibernate.engine.transaction.jta.platform.spi.JtaPlatform] : [org.hibernate.service.jta.platform.internal.OrionJtaPlatform] -> [org.hibernate.engine.transaction.jta.platform.internal.OrionJtaPlatform]
[TRACE] 2022-02-27 04:52:38.173 [http-nio-8080-exec-4] StrategySelectorImpl - Registering named strategy selector [org.hibernate.engine.transaction.jta.platform.spi.JtaPlatform] : [Resin] -> [org.hibernate.engine.transaction.jta.platform.internal.ResinJtaPlatform]
[TRACE] 2022-02-27 04:52:38.173 [http-nio-8080-exec-4] StrategySelectorImpl - Registering named strategy selector [org.hibernate.engine.transaction.jta.platform.spi.JtaPlatform] : [org.hibernate.service.jta.platform.internal.ResinJtaPlatform] -> [org.hibernate.engine.transaction.jta.platform.internal.ResinJtaPlatform]
[TRACE] 2022-02-27 04:52:38.174 [http-nio-8080-exec-4] StrategySelectorImpl - Registering named strategy selector [org.hibernate.engine.transaction.jta.platform.spi.JtaPlatform] : [SapNetWeaver] -> [org.hibernate.engine.transaction.jta.platform.internal.SapNetWeaverJtaPlatform]
[TRACE] 2022-02-27 04:52:38.174 [http-nio-8080-exec-4] StrategySelectorImpl - Registering named strategy selector [org.hibernate.engine.transaction.jta.platform.spi.JtaPlatform] : [org.hibernate.service.jta.platform.internal.SapNetWeaverJtaPlatform] -> [org.hibernate.engine.transaction.jta.platform.internal.SapNetWeaverJtaPlatform]
[TRACE] 2022-02-27 04:52:38.175 [http-nio-8080-exec-4] StrategySelectorImpl - Registering named strategy selector [org.hibernate.engine.transaction.jta.platform.spi.JtaPlatform] : [SunOne] -> [org.hibernate.engine.transaction.jta.platform.internal.SunOneJtaPlatform]
[TRACE] 2022-02-27 04:52:38.176 [http-nio-8080-exec-4] StrategySelectorImpl - Registering named strategy selector [org.hibernate.engine.transaction.jta.platform.spi.JtaPlatform] : [org.hibernate.service.jta.platform.internal.SunOneJtaPlatform] -> [org.hibernate.engine.transaction.jta.platform.internal.SunOneJtaPlatform]
[TRACE] 2022-02-27 04:52:38.177 [http-nio-8080-exec-4] StrategySelectorImpl - Registering named strategy selector [org.hibernate.engine.transaction.jta.platform.spi.JtaPlatform] : [Weblogic] -> [org.hibernate.engine.transaction.jta.platform.internal.WeblogicJtaPlatform]
[TRACE] 2022-02-27 04:52:38.177 [http-nio-8080-exec-4] StrategySelectorImpl - Registering named strategy selector [org.hibernate.engine.transaction.jta.platform.spi.JtaPlatform] : [org.hibernate.service.jta.platform.internal.WeblogicJtaPlatform] -> [org.hibernate.engine.transaction.jta.platform.internal.WeblogicJtaPlatform]
[TRACE] 2022-02-27 04:52:38.178 [http-nio-8080-exec-4] StrategySelectorImpl - Registering named strategy selector [org.hibernate.engine.transaction.jta.platform.spi.JtaPlatform] : [WebSphereLiberty] -> [org.hibernate.engine.transaction.jta.platform.internal.WebSphereLibertyJtaPlatform]
[TRACE] 2022-02-27 04:52:38.178 [http-nio-8080-exec-4] StrategySelectorImpl - Registering named strategy selector [org.hibernate.engine.transaction.jta.platform.spi.JtaPlatform] : [org.hibernate.engine.transaction.jta.platform.internal.WebSphereLibertyJtaPlatform] -> [org.hibernate.engine.transaction.jta.platform.internal.WebSphereLibertyJtaPlatform]
[TRACE] 2022-02-27 04:52:38.181 [http-nio-8080-exec-4] StrategySelectorImpl - Registering named strategy selector [org.hibernate.engine.transaction.jta.platform.spi.JtaPlatform] : [WebSphere] -> [org.hibernate.engine.transaction.jta.platform.internal.WebSphereJtaPlatform]
[TRACE] 2022-02-27 04:52:38.182 [http-nio-8080-exec-4] StrategySelectorImpl - Registering named strategy selector [org.hibernate.engine.transaction.jta.platform.spi.JtaPlatform] : [org.hibernate.service.jta.platform.internal.WebSphereJtaPlatform] -> [org.hibernate.engine.transaction.jta.platform.internal.WebSphereJtaPlatform]
[TRACE] 2022-02-27 04:52:38.183 [http-nio-8080-exec-4] StrategySelectorImpl - Registering named strategy selector [org.hibernate.engine.transaction.jta.platform.spi.JtaPlatform] : [WebSphereExtended] -> [org.hibernate.engine.transaction.jta.platform.internal.WebSphereExtendedJtaPlatform]
[TRACE] 2022-02-27 04:52:38.183 [http-nio-8080-exec-4] StrategySelectorImpl - Registering named strategy selector [org.hibernate.engine.transaction.jta.platform.spi.JtaPlatform] : [org.hibernate.service.jta.platform.internal.WebSphereExtendedJtaPlatform] -> [org.hibernate.engine.transaction.jta.platform.internal.WebSphereExtendedJtaPlatform]
[TRACE] 2022-02-27 04:52:38.184 [http-nio-8080-exec-4] StrategySelectorImpl - Registering named strategy selector [org.hibernate.resource.transaction.spi.TransactionCoordinatorBuilder] : [jdbc] -> [org.hibernate.resource.transaction.backend.jdbc.internal.JdbcResourceLocalTransactionCoordinatorBuilderImpl]
[TRACE] 2022-02-27 04:52:38.186 [http-nio-8080-exec-4] StrategySelectorImpl - Registering named strategy selector [org.hibernate.resource.transaction.spi.TransactionCoordinatorBuilder] : [jta] -> [org.hibernate.resource.transaction.backend.jta.internal.JtaTransactionCoordinatorBuilderImpl]
[TRACE] 2022-02-27 04:52:38.186 [http-nio-8080-exec-4] StrategySelectorImpl - Registering named strategy selector [org.hibernate.resource.transaction.spi.TransactionCoordinatorBuilder] : [org.hibernate.transaction.JDBCTransactionFactory] -> [org.hibernate.resource.transaction.backend.jdbc.internal.JdbcResourceLocalTransactionCoordinatorBuilderImpl]
[TRACE] 2022-02-27 04:52:38.186 [http-nio-8080-exec-4] StrategySelectorImpl - Registering named strategy selector [org.hibernate.resource.transaction.spi.TransactionCoordinatorBuilder] : [org.hibernate.transaction.JTATransactionFactory] -> [org.hibernate.resource.transaction.backend.jta.internal.JtaTransactionCoordinatorBuilderImpl]
[TRACE] 2022-02-27 04:52:38.186 [http-nio-8080-exec-4] StrategySelectorImpl - Registering named strategy selector [org.hibernate.resource.transaction.spi.TransactionCoordinatorBuilder] : [org.hibernate.transaction.CMTTransactionFactory] -> [org.hibernate.resource.transaction.backend.jta.internal.JtaTransactionCoordinatorBuilderImpl]
[TRACE] 2022-02-27 04:52:38.190 [http-nio-8080-exec-4] StrategySelectorImpl - Registering named strategy selector [org.hibernate.hql.spi.id.MultiTableBulkIdStrategy] : [persistent] -> [org.hibernate.hql.spi.id.persistent.PersistentTableBulkIdStrategy]
[TRACE] 2022-02-27 04:52:38.192 [http-nio-8080-exec-4] StrategySelectorImpl - Registering named strategy selector [org.hibernate.hql.spi.id.MultiTableBulkIdStrategy] : [global_temporary] -> [org.hibernate.hql.spi.id.global.GlobalTemporaryTableBulkIdStrategy]
[TRACE] 2022-02-27 04:52:38.193 [http-nio-8080-exec-4] StrategySelectorImpl - Registering named strategy selector [org.hibernate.hql.spi.id.MultiTableBulkIdStrategy] : [local_temporary] -> [org.hibernate.hql.spi.id.local.LocalTemporaryTableBulkIdStrategy]
[TRACE] 2022-02-27 04:52:38.197 [http-nio-8080-exec-4] StrategySelectorImpl - Registering named strategy selector [org.hibernate.boot.model.naming.ImplicitNamingStrategy] : [default] -> [org.hibernate.boot.model.naming.ImplicitNamingStrategyJpaCompliantImpl]
[TRACE] 2022-02-27 04:52:38.198 [http-nio-8080-exec-4] StrategySelectorImpl - Registering named strategy selector [org.hibernate.boot.model.naming.ImplicitNamingStrategy] : [jpa] -> [org.hibernate.boot.model.naming.ImplicitNamingStrategyJpaCompliantImpl]
[TRACE] 2022-02-27 04:52:38.200 [http-nio-8080-exec-4] StrategySelectorImpl - Registering named strategy selector [org.hibernate.boot.model.naming.ImplicitNamingStrategy] : [legacy-jpa] -> [org.hibernate.boot.model.naming.ImplicitNamingStrategyLegacyJpaImpl]
[TRACE] 2022-02-27 04:52:38.201 [http-nio-8080-exec-4] StrategySelectorImpl - Registering named strategy selector [org.hibernate.boot.model.naming.ImplicitNamingStrategy] : [legacy-hbm] -> [org.hibernate.boot.model.naming.ImplicitNamingStrategyLegacyHbmImpl]
[TRACE] 2022-02-27 04:52:38.202 [http-nio-8080-exec-4] StrategySelectorImpl - Registering named strategy selector [org.hibernate.boot.model.naming.ImplicitNamingStrategy] : [component-path] -> [org.hibernate.boot.model.naming.ImplicitNamingStrategyComponentPathImpl]
[TRACE] 2022-02-27 04:52:38.204 [http-nio-8080-exec-4] StrategySelectorImpl - Registering named strategy selector [org.hibernate.cache.spi.CacheKeysFactory] : [default] -> [org.hibernate.cache.internal.DefaultCacheKeysFactory]
[TRACE] 2022-02-27 04:52:38.206 [http-nio-8080-exec-4] StrategySelectorImpl - Registering named strategy selector [org.hibernate.cache.spi.CacheKeysFactory] : [simple] -> [org.hibernate.cache.internal.SimpleCacheKeysFactory]
[TRACE] 2022-02-27 04:52:38.214 [http-nio-8080-exec-4] StrategySelectorImpl - Registering named strategy selector [org.hibernate.engine.jdbc.connections.spi.ConnectionProvider] : [c3p0] -> [org.hibernate.c3p0.internal.C3P0ConnectionProvider]
[TRACE] 2022-02-27 04:52:38.215 [http-nio-8080-exec-4] StrategySelectorImpl - Registering named strategy selector [org.hibernate.engine.jdbc.connections.spi.ConnectionProvider] : [C3P0ConnectionProvider] -> [org.hibernate.c3p0.internal.C3P0ConnectionProvider]
[TRACE] 2022-02-27 04:52:38.215 [http-nio-8080-exec-4] StrategySelectorImpl - Registering named strategy selector [org.hibernate.engine.jdbc.connections.spi.ConnectionProvider] : [org.hibernate.connection.C3P0ConnectionProvider] -> [org.hibernate.c3p0.internal.C3P0ConnectionProvider]
[TRACE] 2022-02-27 04:52:38.215 [http-nio-8080-exec-4] StrategySelectorImpl - Registering named strategy selector [org.hibernate.engine.jdbc.connections.spi.ConnectionProvider] : [org.hibernate.service.jdbc.connections.internal.C3P0ConnectionProvider] -> [org.hibernate.c3p0.internal.C3P0ConnectionProvider]
[INFO ] 2022-02-27 04:52:38.283 [http-nio-8080-exec-4] Version - HHH000412: Hibernate Core {5.4.4.Final}
[DEBUG] 2022-02-27 04:52:38.287 [http-nio-8080-exec-4] Environment - HHH000206: hibernate.properties not found
[TRACE] 2022-02-27 04:52:38.574 [http-nio-8080-exec-4] ClassLoaderServiceImpl - trying via [new URL("hibernate.cfg.xml")]
[TRACE] 2022-02-27 04:52:38.575 [http-nio-8080-exec-4] ClassLoaderServiceImpl - trying via [ClassLoader.getResourceAsStream("hibernate.cfg.xml")]
[DEBUG] 2022-02-27 04:52:38.592 [http-nio-8080-exec-4] JaxbCfgProcessor - cfg.xml document did not define namespaces; wrapping in custom event reader to introduce namespace information
[DEBUG] 2022-02-27 04:52:39.091 [http-nio-8080-exec-4] ServiceBinding - Overriding existing service binding [org.hibernate.secure.spi.JaccService]
[TRACE] 2022-02-27 04:52:39.126 [http-nio-8080-exec-4] AbstractServiceRegistryImpl - Initializing service [role=org.hibernate.engine.config.spi.ConfigurationService]
[TRACE] 2022-02-27 04:52:39.138 [http-nio-8080-exec-4] AbstractServiceRegistryImpl - Initializing service [role=org.hibernate.cache.spi.RegionFactory]
[DEBUG] 2022-02-27 04:52:39.141 [http-nio-8080-exec-4] RegionFactoryInitiator - Cannot default RegionFactory based on registered strategies as `[]` RegionFactory strategies were registered
[DEBUG] 2022-02-27 04:52:39.143 [http-nio-8080-exec-4] RegionFactoryInitiator - Cache region factory : org.hibernate.cache.internal.NoCachingRegionFactory
[INFO ] 2022-02-27 04:52:39.197 [http-nio-8080-exec-4] Version - HCANN000001: Hibernate Commons Annotations {5.1.0.Final}
[DEBUG] 2022-02-27 04:52:39.290 [http-nio-8080-exec-4] BasicTypeRegistry - Adding type registration boolean -> org.hibernate.type.BooleanType@6c2483c8
[DEBUG] 2022-02-27 04:52:39.290 [http-nio-8080-exec-4] BasicTypeRegistry - Adding type registration boolean -> org.hibernate.type.BooleanType@6c2483c8
[DEBUG] 2022-02-27 04:52:39.290 [http-nio-8080-exec-4] BasicTypeRegistry - Adding type registration java.lang.Boolean -> org.hibernate.type.BooleanType@6c2483c8
[DEBUG] 2022-02-27 04:52:39.291 [http-nio-8080-exec-4] BasicTypeRegistry - Adding type registration numeric_boolean -> org.hibernate.type.NumericBooleanType@62fd2d82
[DEBUG] 2022-02-27 04:52:39.292 [http-nio-8080-exec-4] BasicTypeRegistry - Adding type registration true_false -> org.hibernate.type.TrueFalseType@1bf38d36
[DEBUG] 2022-02-27 04:52:39.294 [http-nio-8080-exec-4] BasicTypeRegistry - Adding type registration yes_no -> org.hibernate.type.YesNoType@607c6eee
[DEBUG] 2022-02-27 04:52:39.297 [http-nio-8080-exec-4] BasicTypeRegistry - Adding type registration byte -> org.hibernate.type.ByteType@6414350e
[DEBUG] 2022-02-27 04:52:39.297 [http-nio-8080-exec-4] BasicTypeRegistry - Adding type registration byte -> org.hibernate.type.ByteType@6414350e
[DEBUG] 2022-02-27 04:52:39.297 [http-nio-8080-exec-4] BasicTypeRegistry - Adding type registration java.lang.Byte -> org.hibernate.type.ByteType@6414350e
[DEBUG] 2022-02-27 04:52:39.299 [http-nio-8080-exec-4] BasicTypeRegistry - Adding type registration character -> org.hibernate.type.CharacterType@43acb052
[DEBUG] 2022-02-27 04:52:39.299 [http-nio-8080-exec-4] BasicTypeRegistry - Adding type registration char -> org.hibernate.type.CharacterType@43acb052
[DEBUG] 2022-02-27 04:52:39.299 [http-nio-8080-exec-4] BasicTypeRegistry - Adding type registration java.lang.Character -> org.hibernate.type.CharacterType@43acb052
[DEBUG] 2022-02-27 04:52:39.301 [http-nio-8080-exec-4] BasicTypeRegistry - Adding type registration short -> org.hibernate.type.ShortType@7bdc678b
[DEBUG] 2022-02-27 04:52:39.302 [http-nio-8080-exec-4] BasicTypeRegistry - Adding type registration short -> org.hibernate.type.ShortType@7bdc678b
[DEBUG] 2022-02-27 04:52:39.302 [http-nio-8080-exec-4] BasicTypeRegistry - Adding type registration java.lang.Short -> org.hibernate.type.ShortType@7bdc678b
[DEBUG] 2022-02-27 04:52:39.305 [http-nio-8080-exec-4] BasicTypeRegistry - Adding type registration integer -> org.hibernate.type.IntegerType@32336e08
[DEBUG] 2022-02-27 04:52:39.306 [http-nio-8080-exec-4] BasicTypeRegistry - Adding type registration int -> org.hibernate.type.IntegerType@32336e08
[DEBUG] 2022-02-27 04:52:39.306 [http-nio-8080-exec-4] BasicTypeRegistry - Adding type registration java.lang.Integer -> org.hibernate.type.IntegerType@32336e08
[DEBUG] 2022-02-27 04:52:39.308 [http-nio-8080-exec-4] BasicTypeRegistry - Adding type registration long -> org.hibernate.type.LongType@181ecd58
[DEBUG] 2022-02-27 04:52:39.308 [http-nio-8080-exec-4] BasicTypeRegistry - Adding type registration long -> org.hibernate.type.LongType@181ecd58
[DEBUG] 2022-02-27 04:52:39.308 [http-nio-8080-exec-4] BasicTypeRegistry - Adding type registration java.lang.Long -> org.hibernate.type.LongType@181ecd58
[DEBUG] 2022-02-27 04:52:39.311 [http-nio-8080-exec-4] BasicTypeRegistry - Adding type registration float -> org.hibernate.type.FloatType@2d69dab3
[DEBUG] 2022-02-27 04:52:39.312 [http-nio-8080-exec-4] BasicTypeRegistry - Adding type registration float -> org.hibernate.type.FloatType@2d69dab3
[DEBUG] 2022-02-27 04:52:39.312 [http-nio-8080-exec-4] BasicTypeRegistry - Adding type registration java.lang.Float -> org.hibernate.type.FloatType@2d69dab3
[DEBUG] 2022-02-27 04:52:39.315 [http-nio-8080-exec-4] BasicTypeRegistry - Adding type registration double -> org.hibernate.type.DoubleType@19dc2978
[DEBUG] 2022-02-27 04:52:39.316 [http-nio-8080-exec-4] BasicTypeRegistry - Adding type registration double -> org.hibernate.type.DoubleType@19dc2978
[DEBUG] 2022-02-27 04:52:39.316 [http-nio-8080-exec-4] BasicTypeRegistry - Adding type registration java.lang.Double -> org.hibernate.type.DoubleType@19dc2978
[DEBUG] 2022-02-27 04:52:39.318 [http-nio-8080-exec-4] BasicTypeRegistry - Adding type registration big_decimal -> org.hibernate.type.BigDecimalType@7e7ceb45
[DEBUG] 2022-02-27 04:52:39.318 [http-nio-8080-exec-4] BasicTypeRegistry - Adding type registration java.math.BigDecimal -> org.hibernate.type.BigDecimalType@7e7ceb45
[DEBUG] 2022-02-27 04:52:39.320 [http-nio-8080-exec-4] BasicTypeRegistry - Adding type registration big_integer -> org.hibernate.type.BigIntegerType@38777336
[DEBUG] 2022-02-27 04:52:39.320 [http-nio-8080-exec-4] BasicTypeRegistry - Adding type registration java.math.BigInteger -> org.hibernate.type.BigIntegerType@38777336
[DEBUG] 2022-02-27 04:52:39.322 [http-nio-8080-exec-4] BasicTypeRegistry - Adding type registration string -> org.hibernate.type.StringType@185fdc96
[DEBUG] 2022-02-27 04:52:39.322 [http-nio-8080-exec-4] BasicTypeRegistry - Adding type registration java.lang.String -> org.hibernate.type.StringType@185fdc96
[DEBUG] 2022-02-27 04:52:39.323 [http-nio-8080-exec-4] BasicTypeRegistry - Adding type registration nstring -> org.hibernate.type.StringNVarcharType@389de739
[DEBUG] 2022-02-27 04:52:39.324 [http-nio-8080-exec-4] BasicTypeRegistry - Adding type registration ncharacter -> org.hibernate.type.CharacterNCharType@39dd8493
[DEBUG] 2022-02-27 04:52:39.326 [http-nio-8080-exec-4] BasicTypeRegistry - Adding type registration url -> org.hibernate.type.UrlType@862533e
[DEBUG] 2022-02-27 04:52:39.326 [http-nio-8080-exec-4] BasicTypeRegistry - Adding type registration java.net.URL -> org.hibernate.type.UrlType@862533e
[DEBUG] 2022-02-27 04:52:39.328 [http-nio-8080-exec-4] BasicTypeRegistry - Adding type registration Duration -> org.hibernate.type.DurationType@54768f71
[DEBUG] 2022-02-27 04:52:39.328 [http-nio-8080-exec-4] BasicTypeRegistry - Adding type registration java.time.Duration -> org.hibernate.type.DurationType@54768f71
[DEBUG] 2022-02-27 04:52:39.339 [http-nio-8080-exec-4] BasicTypeRegistry - Adding type registration Instant -> org.hibernate.type.InstantType@26cdeb5
[DEBUG] 2022-02-27 04:52:39.339 [http-nio-8080-exec-4] BasicTypeRegistry - Adding type registration java.time.Instant -> org.hibernate.type.InstantType@26cdeb5
[DEBUG] 2022-02-27 04:52:39.341 [http-nio-8080-exec-4] BasicTypeRegistry - Adding type registration LocalDateTime -> org.hibernate.type.LocalDateTimeType@60276a74
[DEBUG] 2022-02-27 04:52:39.341 [http-nio-8080-exec-4] BasicTypeRegistry - Adding type registration java.time.LocalDateTime -> org.hibernate.type.LocalDateTimeType@60276a74
[DEBUG] 2022-02-27 04:52:39.343 [http-nio-8080-exec-4] BasicTypeRegistry - Adding type registration LocalDate -> org.hibernate.type.LocalDateType@a08e039
[DEBUG] 2022-02-27 04:52:39.344 [http-nio-8080-exec-4] BasicTypeRegistry - Adding type registration java.time.LocalDate -> org.hibernate.type.LocalDateType@a08e039
[DEBUG] 2022-02-27 04:52:39.345 [http-nio-8080-exec-4] BasicTypeRegistry - Adding type registration LocalTime -> org.hibernate.type.LocalTimeType@2acedbfc
[DEBUG] 2022-02-27 04:52:39.346 [http-nio-8080-exec-4] BasicTypeRegistry - Adding type registration java.time.LocalTime -> org.hibernate.type.LocalTimeType@2acedbfc
[DEBUG] 2022-02-27 04:52:39.349 [http-nio-8080-exec-4] BasicTypeRegistry - Adding type registration OffsetDateTime -> org.hibernate.type.OffsetDateTimeType@69c68124
[DEBUG] 2022-02-27 04:52:39.349 [http-nio-8080-exec-4] BasicTypeRegistry - Adding type registration java.time.OffsetDateTime -> org.hibernate.type.OffsetDateTimeType@69c68124
[DEBUG] 2022-02-27 04:52:39.353 [http-nio-8080-exec-4] BasicTypeRegistry - Adding type registration OffsetTime -> org.hibernate.type.OffsetTimeType@765fd26d
[DEBUG] 2022-02-27 04:52:39.353 [http-nio-8080-exec-4] BasicTypeRegistry - Adding type registration java.time.OffsetTime -> org.hibernate.type.OffsetTimeType@765fd26d
[DEBUG] 2022-02-27 04:52:39.358 [http-nio-8080-exec-4] BasicTypeRegistry - Adding type registration ZonedDateTime -> org.hibernate.type.ZonedDateTimeType@4fbbebc0
[DEBUG] 2022-02-27 04:52:39.358 [http-nio-8080-exec-4] BasicTypeRegistry - Adding type registration java.time.ZonedDateTime -> org.hibernate.type.ZonedDateTimeType@4fbbebc0
[DEBUG] 2022-02-27 04:52:39.361 [http-nio-8080-exec-4] BasicTypeRegistry - Adding type registration date -> org.hibernate.type.DateType@b86c056
[DEBUG] 2022-02-27 04:52:39.361 [http-nio-8080-exec-4] BasicTypeRegistry - Adding type registration java.sql.Date -> org.hibernate.type.DateType@b86c056
[DEBUG] 2022-02-27 04:52:39.363 [http-nio-8080-exec-4] BasicTypeRegistry - Adding type registration time -> org.hibernate.type.TimeType@6b22ef44
[DEBUG] 2022-02-27 04:52:39.364 [http-nio-8080-exec-4] BasicTypeRegistry - Adding type registration java.sql.Time -> org.hibernate.type.TimeType@6b22ef44
[DEBUG] 2022-02-27 04:52:39.366 [http-nio-8080-exec-4] BasicTypeRegistry - Adding type registration timestamp -> org.hibernate.type.TimestampType@2fde32a9
[DEBUG] 2022-02-27 04:52:39.366 [http-nio-8080-exec-4] BasicTypeRegistry - Adding type registration java.sql.Timestamp -> org.hibernate.type.TimestampType@2fde32a9
[DEBUG] 2022-02-27 04:52:39.367 [http-nio-8080-exec-4] BasicTypeRegistry - Adding type registration java.util.Date -> org.hibernate.type.TimestampType@2fde32a9
[DEBUG] 2022-02-27 04:52:39.369 [http-nio-8080-exec-4] BasicTypeRegistry - Adding type registration dbtimestamp -> org.hibernate.type.DbTimestampType@36c276cc
[DEBUG] 2022-02-27 04:52:39.372 [http-nio-8080-exec-4] BasicTypeRegistry - Adding type registration calendar -> org.hibernate.type.CalendarType@efe9891
[DEBUG] 2022-02-27 04:52:39.372 [http-nio-8080-exec-4] BasicTypeRegistry - Adding type registration java.util.Calendar -> org.hibernate.type.CalendarType@efe9891
[DEBUG] 2022-02-27 04:52:39.372 [http-nio-8080-exec-4] BasicTypeRegistry - Adding type registration java.util.GregorianCalendar -> org.hibernate.type.CalendarType@efe9891
[DEBUG] 2022-02-27 04:52:39.374 [http-nio-8080-exec-4] BasicTypeRegistry - Adding type registration calendar_date -> org.hibernate.type.CalendarDateType@22ecf8bd
[DEBUG] 2022-02-27 04:52:39.376 [http-nio-8080-exec-4] BasicTypeRegistry - Adding type registration locale -> org.hibernate.type.LocaleType@22f36e09
[DEBUG] 2022-02-27 04:52:39.376 [http-nio-8080-exec-4] BasicTypeRegistry - Adding type registration java.util.Locale -> org.hibernate.type.LocaleType@22f36e09
[DEBUG] 2022-02-27 04:52:39.378 [http-nio-8080-exec-4] BasicTypeRegistry - Adding type registration currency -> org.hibernate.type.CurrencyType@256cb1e9
[DEBUG] 2022-02-27 04:52:39.378 [http-nio-8080-exec-4] BasicTypeRegistry - Adding type registration java.util.Currency -> org.hibernate.type.CurrencyType@256cb1e9
[DEBUG] 2022-02-27 04:52:39.380 [http-nio-8080-exec-4] BasicTypeRegistry - Adding type registration timezone -> org.hibernate.type.TimeZoneType@225aadb5
[DEBUG] 2022-02-27 04:52:39.380 [http-nio-8080-exec-4] BasicTypeRegistry - Adding type registration java.util.TimeZone -> org.hibernate.type.TimeZoneType@225aadb5
[DEBUG] 2022-02-27 04:52:39.381 [http-nio-8080-exec-4] BasicTypeRegistry - Adding type registration class -> org.hibernate.type.ClassType@692ba698
[DEBUG] 2022-02-27 04:52:39.382 [http-nio-8080-exec-4] BasicTypeRegistry - Adding type registration java.lang.Class -> org.hibernate.type.ClassType@692ba698
[DEBUG] 2022-02-27 04:52:39.383 [http-nio-8080-exec-4] BasicTypeRegistry - Adding type registration uuid-binary -> org.hibernate.type.UUIDBinaryType@14e7d519
[DEBUG] 2022-02-27 04:52:39.383 [http-nio-8080-exec-4] BasicTypeRegistry - Adding type registration java.util.UUID -> org.hibernate.type.UUIDBinaryType@14e7d519
[DEBUG] 2022-02-27 04:52:39.384 [http-nio-8080-exec-4] BasicTypeRegistry - Adding type registration uuid-char -> org.hibernate.type.UUIDCharType@f31daa9
[DEBUG] 2022-02-27 04:52:39.387 [http-nio-8080-exec-4] BasicTypeRegistry - Adding type registration binary -> org.hibernate.type.BinaryType@2bb677ff
[DEBUG] 2022-02-27 04:52:39.387 [http-nio-8080-exec-4] BasicTypeRegistry - Adding type registration byte[] -> org.hibernate.type.BinaryType@2bb677ff
[DEBUG] 2022-02-27 04:52:39.387 [http-nio-8080-exec-4] BasicTypeRegistry - Adding type registration [B -> org.hibernate.type.BinaryType@2bb677ff
[DEBUG] 2022-02-27 04:52:39.389 [http-nio-8080-exec-4] BasicTypeRegistry - Adding type registration wrapper-binary -> org.hibernate.type.WrapperBinaryType@5c24dcf4
[DEBUG] 2022-02-27 04:52:39.389 [http-nio-8080-exec-4] BasicTypeRegistry - Adding type registration Byte[] -> org.hibernate.type.WrapperBinaryType@5c24dcf4
[DEBUG] 2022-02-27 04:52:39.389 [http-nio-8080-exec-4] BasicTypeRegistry - Adding type registration [Ljava.lang.Byte; -> org.hibernate.type.WrapperBinaryType@5c24dcf4
[DEBUG] 2022-02-27 04:52:39.391 [http-nio-8080-exec-4] BasicTypeRegistry - Adding type registration row_version -> org.hibernate.type.RowVersionType@65353541
[DEBUG] 2022-02-27 04:52:39.392 [http-nio-8080-exec-4] BasicTypeRegistry - Adding type registration image -> org.hibernate.type.ImageType@66d67376
[DEBUG] 2022-02-27 04:52:39.394 [http-nio-8080-exec-4] BasicTypeRegistry - Adding type registration characters -> org.hibernate.type.CharArrayType@7b3afdaa
[DEBUG] 2022-02-27 04:52:39.394 [http-nio-8080-exec-4] BasicTypeRegistry - Adding type registration char[] -> org.hibernate.type.CharArrayType@7b3afdaa
[DEBUG] 2022-02-27 04:52:39.394 [http-nio-8080-exec-4] BasicTypeRegistry - Adding type registration [C -> org.hibernate.type.CharArrayType@7b3afdaa
[DEBUG] 2022-02-27 04:52:39.397 [http-nio-8080-exec-4] BasicTypeRegistry - Adding type registration wrapper-characters -> org.hibernate.type.CharacterArrayType@6aad637d
[DEBUG] 2022-02-27 04:52:39.398 [http-nio-8080-exec-4] BasicTypeRegistry - Adding type registration [Ljava.lang.Character; -> org.hibernate.type.CharacterArrayType@6aad637d
[DEBUG] 2022-02-27 04:52:39.399 [http-nio-8080-exec-4] BasicTypeRegistry - Adding type registration Character[] -> org.hibernate.type.CharacterArrayType@6aad637d
[DEBUG] 2022-02-27 04:52:39.400 [http-nio-8080-exec-4] BasicTypeRegistry - Adding type registration text -> org.hibernate.type.TextType@1c1f8eae
[DEBUG] 2022-02-27 04:52:39.401 [http-nio-8080-exec-4] BasicTypeRegistry - Adding type registration ntext -> org.hibernate.type.NTextType@7c33fce9
[DEBUG] 2022-02-27 04:52:39.403 [http-nio-8080-exec-4] BasicTypeRegistry - Adding type registration blob -> org.hibernate.type.BlobType@2d2f9879
[DEBUG] 2022-02-27 04:52:39.403 [http-nio-8080-exec-4] BasicTypeRegistry - Adding type registration java.sql.Blob -> org.hibernate.type.BlobType@2d2f9879
[DEBUG] 2022-02-27 04:52:39.404 [http-nio-8080-exec-4] BasicTypeRegistry - Adding type registration materialized_blob -> org.hibernate.type.MaterializedBlobType@37d78128
[DEBUG] 2022-02-27 04:52:39.407 [http-nio-8080-exec-4] BasicTypeRegistry - Adding type registration clob -> org.hibernate.type.ClobType@66ca507
[DEBUG] 2022-02-27 04:52:39.407 [http-nio-8080-exec-4] BasicTypeRegistry - Adding type registration java.sql.Clob -> org.hibernate.type.ClobType@66ca507
[DEBUG] 2022-02-27 04:52:39.409 [http-nio-8080-exec-4] BasicTypeRegistry - Adding type registration nclob -> org.hibernate.type.NClobType@425b8338
[DEBUG] 2022-02-27 04:52:39.409 [http-nio-8080-exec-4] BasicTypeRegistry - Adding type registration java.sql.NClob -> org.hibernate.type.NClobType@425b8338
[DEBUG] 2022-02-27 04:52:39.410 [http-nio-8080-exec-4] BasicTypeRegistry - Adding type registration materialized_clob -> org.hibernate.type.MaterializedClobType@119c0fc5
[DEBUG] 2022-02-27 04:52:39.411 [http-nio-8080-exec-4] BasicTypeRegistry - Adding type registration materialized_nclob -> org.hibernate.type.MaterializedNClobType@42e042c2
[DEBUG] 2022-02-27 04:52:39.413 [http-nio-8080-exec-4] BasicTypeRegistry - Adding type registration serializable -> org.hibernate.type.SerializableType@7683183e
[DEBUG] 2022-02-27 04:52:39.419 [http-nio-8080-exec-4] BasicTypeRegistry - Adding type registration object -> org.hibernate.type.ObjectType@1b07107d
[DEBUG] 2022-02-27 04:52:39.419 [http-nio-8080-exec-4] BasicTypeRegistry - Adding type registration java.lang.Object -> org.hibernate.type.ObjectType@1b07107d
[DEBUG] 2022-02-27 04:52:39.420 [http-nio-8080-exec-4] BasicTypeRegistry - Adding type registration imm_date -> org.hibernate.type.AdaptedImmutableType@31cd09eb
[DEBUG] 2022-02-27 04:52:39.421 [http-nio-8080-exec-4] BasicTypeRegistry - Adding type registration imm_time -> org.hibernate.type.AdaptedImmutableType@666b6a4b
[DEBUG] 2022-02-27 04:52:39.421 [http-nio-8080-exec-4] BasicTypeRegistry - Adding type registration imm_timestamp -> org.hibernate.type.AdaptedImmutableType@7ef6fa69
[DEBUG] 2022-02-27 04:52:39.421 [http-nio-8080-exec-4] BasicTypeRegistry - Adding type registration imm_dbtimestamp -> org.hibernate.type.AdaptedImmutableType@3f6459fb
[DEBUG] 2022-02-27 04:52:39.421 [http-nio-8080-exec-4] BasicTypeRegistry - Adding type registration imm_calendar -> org.hibernate.type.AdaptedImmutableType@66bf9dad
[DEBUG] 2022-02-27 04:52:39.421 [http-nio-8080-exec-4] BasicTypeRegistry - Adding type registration imm_calendar_date -> org.hibernate.type.AdaptedImmutableType@5b3b8a03
[DEBUG] 2022-02-27 04:52:39.421 [http-nio-8080-exec-4] BasicTypeRegistry - Adding type registration imm_binary -> org.hibernate.type.AdaptedImmutableType@125716bf
[DEBUG] 2022-02-27 04:52:39.421 [http-nio-8080-exec-4] BasicTypeRegistry - Adding type registration imm_serializable -> org.hibernate.type.AdaptedImmutableType@f613e8f
[TRACE] 2022-02-27 04:52:39.437 [http-nio-8080-exec-4] AbstractServiceRegistryImpl - Initializing service [role=org.hibernate.boot.cfgxml.spi.CfgXmlAccessService]
[TRACE] 2022-02-27 04:52:39.467 [http-nio-8080-exec-4] AbstractServiceRegistryImpl - Initializing service [role=org.hibernate.id.factory.spi.MutableIdentifierGeneratorFactory]
[DEBUG] 2022-02-27 04:52:39.471 [http-nio-8080-exec-4] DefaultIdentifierGeneratorFactory - Registering IdentifierGenerator strategy [uuid2] -> [org.hibernate.id.UUIDGenerator]
[DEBUG] 2022-02-27 04:52:39.472 [http-nio-8080-exec-4] DefaultIdentifierGeneratorFactory - Registering IdentifierGenerator strategy [guid] -> [org.hibernate.id.GUIDGenerator]
[DEBUG] 2022-02-27 04:52:39.474 [http-nio-8080-exec-4] DefaultIdentifierGeneratorFactory - Registering IdentifierGenerator strategy [uuid] -> [org.hibernate.id.UUIDHexGenerator]
[DEBUG] 2022-02-27 04:52:39.474 [http-nio-8080-exec-4] DefaultIdentifierGeneratorFactory - Registering IdentifierGenerator strategy [uuid.hex] -> [org.hibernate.id.UUIDHexGenerator]
[DEBUG] 2022-02-27 04:52:39.475 [http-nio-8080-exec-4] DefaultIdentifierGeneratorFactory - Registering IdentifierGenerator strategy [assigned] -> [org.hibernate.id.Assigned]
[DEBUG] 2022-02-27 04:52:39.477 [http-nio-8080-exec-4] DefaultIdentifierGeneratorFactory - Registering IdentifierGenerator strategy [identity] -> [org.hibernate.id.IdentityGenerator]
[DEBUG] 2022-02-27 04:52:39.478 [http-nio-8080-exec-4] DefaultIdentifierGeneratorFactory - Registering IdentifierGenerator strategy [select] -> [org.hibernate.id.SelectGenerator]
[DEBUG] 2022-02-27 04:52:39.482 [http-nio-8080-exec-4] DefaultIdentifierGeneratorFactory - Registering IdentifierGenerator strategy [sequence] -> [org.hibernate.id.enhanced.SequenceStyleGenerator]
[DEBUG] 2022-02-27 04:52:39.483 [http-nio-8080-exec-4] DefaultIdentifierGeneratorFactory - Registering IdentifierGenerator strategy [seqhilo] -> [org.hibernate.id.SequenceHiLoGenerator]
[DEBUG] 2022-02-27 04:52:39.484 [http-nio-8080-exec-4] DefaultIdentifierGeneratorFactory - Registering IdentifierGenerator strategy [increment] -> [org.hibernate.id.IncrementGenerator]
[DEBUG] 2022-02-27 04:52:39.485 [http-nio-8080-exec-4] DefaultIdentifierGeneratorFactory - Registering IdentifierGenerator strategy [foreign] -> [org.hibernate.id.ForeignGenerator]
[DEBUG] 2022-02-27 04:52:39.486 [http-nio-8080-exec-4] DefaultIdentifierGeneratorFactory - Registering IdentifierGenerator strategy [sequence-identity] -> [org.hibernate.id.SequenceIdentityGenerator]
[DEBUG] 2022-02-27 04:52:39.486 [http-nio-8080-exec-4] DefaultIdentifierGeneratorFactory - Registering IdentifierGenerator strategy [enhanced-sequence] -> [org.hibernate.id.enhanced.SequenceStyleGenerator]
[DEBUG] 2022-02-27 04:52:39.488 [http-nio-8080-exec-4] DefaultIdentifierGeneratorFactory - Registering IdentifierGenerator strategy [enhanced-table] -> [org.hibernate.id.enhanced.TableGenerator]
[TRACE] 2022-02-27 04:52:39.489 [http-nio-8080-exec-4] AbstractServiceRegistryImpl - Initializing service [role=org.hibernate.engine.jdbc.env.spi.JdbcEnvironment]
[TRACE] 2022-02-27 04:52:39.489 [http-nio-8080-exec-4] AbstractServiceRegistryImpl - Initializing service [role=org.hibernate.engine.jdbc.dialect.spi.DialectFactory]
[TRACE] 2022-02-27 04:52:39.491 [http-nio-8080-exec-4] AbstractServiceRegistryImpl - Initializing service [role=org.hibernate.engine.jdbc.dialect.spi.DialectResolver]
[TRACE] 2022-02-27 04:52:39.494 [http-nio-8080-exec-4] AbstractServiceRegistryImpl - Initializing service [role=org.hibernate.engine.jdbc.connections.spi.ConnectionProvider]
[INFO ] 2022-02-27 04:52:39.500 [http-nio-8080-exec-4] C3P0ConnectionProvider - HHH010002: C3P0 using driver: com.mysql.cj.jdbc.Driver at URL: jdbc:mysql://localhost:3306/indie_project
[INFO ] 2022-02-27 04:52:39.500 [http-nio-8080-exec-4] C3P0ConnectionProvider - HHH10001001: Connection properties: {password=****, user=root}
[INFO ] 2022-02-27 04:52:39.500 [http-nio-8080-exec-4] C3P0ConnectionProvider - HHH10001003: Autocommit mode: false
[INFO ] 2022-02-27 04:52:39.721 [http-nio-8080-exec-4] C3P0ConnectionProvider - HHH10001007: JDBC isolation level: <unknown>
[DEBUG] 2022-02-27 04:52:40.513 [http-nio-8080-exec-4] JdbcEnvironmentInitiator - Database ->
       name : MySQL
    version : 8.0.28
      major : 8
      minor : 0
[DEBUG] 2022-02-27 04:52:40.515 [http-nio-8080-exec-4] JdbcEnvironmentInitiator - Driver ->
       name : MySQL Connector/J
    version : mysql-connector-java-8.0.16 (Revision: 34cbc6bc61f72836e26327537a432d6db7c77de6)
      major : 8
      minor : 0
[DEBUG] 2022-02-27 04:52:40.516 [http-nio-8080-exec-4] JdbcEnvironmentInitiator - JDBC version : 4.2
[INFO ] 2022-02-27 04:52:40.593 [http-nio-8080-exec-4] Dialect - HHH000400: Using dialect: org.hibernate.dialect.MySQL8Dialect
[DEBUG] 2022-02-27 04:52:40.633 [http-nio-8080-exec-4] IdentifierHelperBuilder - JDBC driver metadata reported database stores quoted identifiers in more than one case
[DEBUG] 2022-02-27 04:52:40.680 [http-nio-8080-exec-4] IdentifierHelperBuilder - IdentifierCaseStrategy for both quoted and unquoted identifiers was set to the same strategy [MIXED]; that will likely lead to problems in schema update and validation if using quoted identifiers
[TRACE] 2022-02-27 04:52:40.719 [http-nio-8080-exec-4] NormalizingIdentifierHelperImpl - Normalizing identifier quoting [indie_project]
[TRACE] 2022-02-27 04:52:40.719 [http-nio-8080-exec-4] NormalizingIdentifierHelperImpl - Normalizing identifier quoting [null]
[TRACE] 2022-02-27 04:52:40.741 [http-nio-8080-exec-4] AbstractServiceRegistryImpl - Initializing service [role=org.hibernate.engine.jdbc.spi.JdbcServices]
[DEBUG] 2022-02-27 04:52:40.746 [http-nio-8080-exec-4] Namespace - Created database namespace [logicalName=Name{catalog=null, schema=null}, physicalName=Name{catalog=null, schema=null}]
[DEBUG] 2022-02-27 04:52:40.753 [http-nio-8080-exec-4] TypeConfiguration$Scope - Scoping TypeConfiguration [org.hibernate.type.spi.TypeConfiguration@7c341169] to MetadataBuildingContext [org.hibernate.boot.internal.MetadataBuildingContextRootImpl@7587e9e2]
[DEBUG] 2022-02-27 04:52:40.861 [http-nio-8080-exec-4] AnnotationBinder - Binding entity from annotated class: edu.matc.entity.User
[TRACE] 2022-02-27 04:52:40.907 [http-nio-8080-exec-4] NormalizingIdentifierHelperImpl - Normalizing identifier quoting [DTYPE]
[DEBUG] 2022-02-27 04:52:40.908 [http-nio-8080-exec-4] Ejb3Column - Binding column: Ejb3DiscriminatorColumn{logicalColumnName'DTYPE', discriminatorTypeName='string'}
[DEBUG] 2022-02-27 04:52:40.925 [http-nio-8080-exec-4] EntityBinder - Import with entity name User
[TRACE] 2022-02-27 04:52:40.925 [http-nio-8080-exec-4] InFlightMetadataCollectorImpl - Import: User -> edu.matc.entity.User
[TRACE] 2022-02-27 04:52:40.925 [http-nio-8080-exec-4] InFlightMetadataCollectorImpl - Import: edu.matc.entity.User -> edu.matc.entity.User
[TRACE] 2022-02-27 04:52:40.928 [http-nio-8080-exec-4] NormalizingIdentifierHelperImpl - Normalizing identifier quoting [users]
[TRACE] 2022-02-27 04:52:40.928 [http-nio-8080-exec-4] NormalizingIdentifierHelperImpl - Normalizing identifier quoting [users]
[DEBUG] 2022-02-27 04:52:40.931 [http-nio-8080-exec-4] EntityBinder - Bind entity edu.matc.entity.User on table users
[TRACE] 2022-02-27 04:52:40.975 [http-nio-8080-exec-4] AnnotationBinder - Processing annotations of edu.matc.entity.User.id
[TRACE] 2022-02-27 04:52:40.989 [http-nio-8080-exec-4] NormalizingIdentifierHelperImpl - Normalizing identifier quoting [id]
[TRACE] 2022-02-27 04:52:40.989 [http-nio-8080-exec-4] NormalizingIdentifierHelperImpl - Normalizing identifier quoting [id]
[DEBUG] 2022-02-27 04:52:40.989 [http-nio-8080-exec-4] Ejb3Column - Binding column: Ejb3Column{table=org.hibernate.mapping.Table(users), mappingColumn=id, insertable=true, updatable=true, unique=false}
[DEBUG] 2022-02-27 04:52:40.994 [http-nio-8080-exec-4] PropertyBinder - MetadataSourceProcessor property id with lazy=false
[DEBUG] 2022-02-27 04:52:40.997 [http-nio-8080-exec-4] AbstractPropertyHolder - Attempting to locate auto-apply AttributeConverter for property [edu.matc.entity.User:id]
[DEBUG] 2022-02-27 04:52:41.002 [http-nio-8080-exec-4] SimpleValueBinder - building SimpleValue for id
[TRACE] 2022-02-27 04:52:41.005 [http-nio-8080-exec-4] NormalizingIdentifierHelperImpl - Normalizing identifier quoting [id]
[TRACE] 2022-02-27 04:52:41.005 [http-nio-8080-exec-4] NormalizingIdentifierHelperImpl - Normalizing identifier quoting [id]
[TRACE] 2022-02-27 04:52:41.005 [http-nio-8080-exec-4] NormalizingIdentifierHelperImpl - Normalizing identifier quoting [id]
[DEBUG] 2022-02-27 04:52:41.006 [http-nio-8080-exec-4] PropertyBinder - Building property id
[TRACE] 2022-02-27 04:52:41.012 [http-nio-8080-exec-4] PropertyBinder - Cascading id with null
[TRACE] 2022-02-27 04:52:41.015 [http-nio-8080-exec-4] AnnotationBinder - Add generic generator with name: native
[DEBUG] 2022-02-27 04:52:41.016 [http-nio-8080-exec-4] BinderHelper - #makeIdGenerator(org.hibernate.mapping.SimpleValue([org.hibernate.mapping.Column(id)]), id, org.hibernate.id.enhanced.SequenceStyleGenerator, native, ...)
[TRACE] 2022-02-27 04:52:41.018 [http-nio-8080-exec-4] AnnotationBinder - Bind @Id on id
[TRACE] 2022-02-27 04:52:41.018 [http-nio-8080-exec-4] AnnotationBinder - Processing annotations of edu.matc.entity.User.email
[TRACE] 2022-02-27 04:52:41.019 [http-nio-8080-exec-4] NormalizingIdentifierHelperImpl - Normalizing identifier quoting [email]
[TRACE] 2022-02-27 04:52:41.019 [http-nio-8080-exec-4] NormalizingIdentifierHelperImpl - Normalizing identifier quoting [email]
[DEBUG] 2022-02-27 04:52:41.020 [http-nio-8080-exec-4] Ejb3Column - Binding column: Ejb3Column{table=org.hibernate.mapping.Table(users), mappingColumn=email, insertable=true, updatable=true, unique=false}
[DEBUG] 2022-02-27 04:52:41.020 [http-nio-8080-exec-4] PropertyBinder - MetadataSourceProcessor property email with lazy=false
[DEBUG] 2022-02-27 04:52:41.020 [http-nio-8080-exec-4] AbstractPropertyHolder - Attempting to locate auto-apply AttributeConverter for property [edu.matc.entity.User:email]
[DEBUG] 2022-02-27 04:52:41.020 [http-nio-8080-exec-4] SimpleValueBinder - building SimpleValue for email
[TRACE] 2022-02-27 04:52:41.020 [http-nio-8080-exec-4] NormalizingIdentifierHelperImpl - Normalizing identifier quoting [email]
[TRACE] 2022-02-27 04:52:41.020 [http-nio-8080-exec-4] NormalizingIdentifierHelperImpl - Normalizing identifier quoting [email]
[TRACE] 2022-02-27 04:52:41.020 [http-nio-8080-exec-4] NormalizingIdentifierHelperImpl - Normalizing identifier quoting [email]
[DEBUG] 2022-02-27 04:52:41.021 [http-nio-8080-exec-4] PropertyBinder - Building property email
[TRACE] 2022-02-27 04:52:41.021 [http-nio-8080-exec-4] PropertyBinder - Cascading email with null
[TRACE] 2022-02-27 04:52:41.021 [http-nio-8080-exec-4] AnnotationBinder - Processing annotations of edu.matc.entity.User.firstName
[TRACE] 2022-02-27 04:52:41.021 [http-nio-8080-exec-4] NormalizingIdentifierHelperImpl - Normalizing identifier quoting [first_name]
[TRACE] 2022-02-27 04:52:41.022 [http-nio-8080-exec-4] NormalizingIdentifierHelperImpl - Normalizing identifier quoting [first_name]
[DEBUG] 2022-02-27 04:52:41.022 [http-nio-8080-exec-4] Ejb3Column - Binding column: Ejb3Column{table=org.hibernate.mapping.Table(users), mappingColumn=first_name, insertable=true, updatable=true, unique=false}
[DEBUG] 2022-02-27 04:52:41.022 [http-nio-8080-exec-4] PropertyBinder - MetadataSourceProcessor property firstName with lazy=false
[DEBUG] 2022-02-27 04:52:41.022 [http-nio-8080-exec-4] AbstractPropertyHolder - Attempting to locate auto-apply AttributeConverter for property [edu.matc.entity.User:firstName]
[DEBUG] 2022-02-27 04:52:41.022 [http-nio-8080-exec-4] SimpleValueBinder - building SimpleValue for firstName
[TRACE] 2022-02-27 04:52:41.022 [http-nio-8080-exec-4] NormalizingIdentifierHelperImpl - Normalizing identifier quoting [first_name]
[DEBUG] 2022-02-27 04:52:41.022 [http-nio-8080-exec-4] PropertyBinder - Building property firstName
[TRACE] 2022-02-27 04:52:41.022 [http-nio-8080-exec-4] PropertyBinder - Cascading firstName with null
[TRACE] 2022-02-27 04:52:41.023 [http-nio-8080-exec-4] AnnotationBinder - Processing annotations of edu.matc.entity.User.lastName
[TRACE] 2022-02-27 04:52:41.023 [http-nio-8080-exec-4] NormalizingIdentifierHelperImpl - Normalizing identifier quoting [last_name]
[TRACE] 2022-02-27 04:52:41.023 [http-nio-8080-exec-4] NormalizingIdentifierHelperImpl - Normalizing identifier quoting [last_name]
[DEBUG] 2022-02-27 04:52:41.023 [http-nio-8080-exec-4] Ejb3Column - Binding column: Ejb3Column{table=org.hibernate.mapping.Table(users), mappingColumn=last_name, insertable=true, updatable=true, unique=false}
[DEBUG] 2022-02-27 04:52:41.023 [http-nio-8080-exec-4] PropertyBinder - MetadataSourceProcessor property lastName with lazy=false
[DEBUG] 2022-02-27 04:52:41.023 [http-nio-8080-exec-4] AbstractPropertyHolder - Attempting to locate auto-apply AttributeConverter for property [edu.matc.entity.User:lastName]
[DEBUG] 2022-02-27 04:52:41.023 [http-nio-8080-exec-4] SimpleValueBinder - building SimpleValue for lastName
[TRACE] 2022-02-27 04:52:41.023 [http-nio-8080-exec-4] NormalizingIdentifierHelperImpl - Normalizing identifier quoting [last_name]
[DEBUG] 2022-02-27 04:52:41.023 [http-nio-8080-exec-4] PropertyBinder - Building property lastName
[TRACE] 2022-02-27 04:52:41.024 [http-nio-8080-exec-4] PropertyBinder - Cascading lastName with null
[TRACE] 2022-02-27 04:52:41.024 [http-nio-8080-exec-4] AnnotationBinder - Processing annotations of edu.matc.entity.User.password
[TRACE] 2022-02-27 04:52:41.024 [http-nio-8080-exec-4] NormalizingIdentifierHelperImpl - Normalizing identifier quoting [password]
[TRACE] 2022-02-27 04:52:41.024 [http-nio-8080-exec-4] NormalizingIdentifierHelperImpl - Normalizing identifier quoting [password]
[DEBUG] 2022-02-27 04:52:41.024 [http-nio-8080-exec-4] Ejb3Column - Binding column: Ejb3Column{table=org.hibernate.mapping.Table(users), mappingColumn=password, insertable=true, updatable=true, unique=false}
[DEBUG] 2022-02-27 04:52:41.024 [http-nio-8080-exec-4] PropertyBinder - MetadataSourceProcessor property password with lazy=false
[DEBUG] 2022-02-27 04:52:41.024 [http-nio-8080-exec-4] AbstractPropertyHolder - Attempting to locate auto-apply AttributeConverter for property [edu.matc.entity.User:password]
[DEBUG] 2022-02-27 04:52:41.024 [http-nio-8080-exec-4] SimpleValueBinder - building SimpleValue for password
[TRACE] 2022-02-27 04:52:41.024 [http-nio-8080-exec-4] NormalizingIdentifierHelperImpl - Normalizing identifier quoting [password]
[TRACE] 2022-02-27 04:52:41.024 [http-nio-8080-exec-4] NormalizingIdentifierHelperImpl - Normalizing identifier quoting [password]
[TRACE] 2022-02-27 04:52:41.024 [http-nio-8080-exec-4] NormalizingIdentifierHelperImpl - Normalizing identifier quoting [password]
[DEBUG] 2022-02-27 04:52:41.024 [http-nio-8080-exec-4] PropertyBinder - Building property password
[TRACE] 2022-02-27 04:52:41.025 [http-nio-8080-exec-4] PropertyBinder - Cascading password with null
[TRACE] 2022-02-27 04:52:41.025 [http-nio-8080-exec-4] AnnotationBinder - Processing annotations of edu.matc.entity.User.stories
[DEBUG] 2022-02-27 04:52:41.027 [http-nio-8080-exec-4] Ejb3Column - Binding column: Ejb3JoinColumn{logicalColumnName='null', referencedColumn='null', mappedBy='users'}
[TRACE] 2022-02-27 04:52:41.027 [http-nio-8080-exec-4] NormalizingIdentifierHelperImpl - Normalizing identifier quoting [stories]
[TRACE] 2022-02-27 04:52:41.027 [http-nio-8080-exec-4] NormalizingIdentifierHelperImpl - Normalizing identifier quoting [stories]
[DEBUG] 2022-02-27 04:52:41.027 [http-nio-8080-exec-4] Ejb3Column - Binding column: Ejb3Column{table=org.hibernate.mapping.Table(users), mappingColumn=stories, insertable=true, updatable=true, unique=false}
[DEBUG] 2022-02-27 04:52:41.030 [http-nio-8080-exec-4] Ejb3Column - Binding column: Ejb3Column{table=org.hibernate.mapping.Table(users), mappingColumn=null, insertable=true, updatable=true, unique=false}
[TRACE] 2022-02-27 04:52:41.063 [http-nio-8080-exec-4] NormalizingIdentifierHelperImpl - Normalizing identifier quoting [element]
[TRACE] 2022-02-27 04:52:41.064 [http-nio-8080-exec-4] NormalizingIdentifierHelperImpl - Normalizing identifier quoting [element]
[DEBUG] 2022-02-27 04:52:41.064 [http-nio-8080-exec-4] Ejb3Column - Binding column: Ejb3Column{table=org.hibernate.mapping.Table(users), mappingColumn=element, insertable=true, updatable=true, unique=false}
[TRACE] 2022-02-27 04:52:41.064 [http-nio-8080-exec-4] NormalizingIdentifierHelperImpl - Normalizing identifier quoting [stories_KEY]
[DEBUG] 2022-02-27 04:52:41.064 [http-nio-8080-exec-4] Ejb3Column - Binding column: Ejb3Column{table=org.hibernate.mapping.Table(users), mappingColumn=stories_KEY, insertable=true, updatable=true, unique=false}
[TRACE] 2022-02-27 04:52:41.065 [http-nio-8080-exec-4] NormalizingIdentifierHelperImpl - Normalizing identifier quoting [stories_KEY]
[DEBUG] 2022-02-27 04:52:41.066 [http-nio-8080-exec-4] Ejb3Column - Binding column: Ejb3JoinColumn{logicalColumnName='stories_KEY', referencedColumn='null', mappedBy='null'}
[DEBUG] 2022-02-27 04:52:41.068 [http-nio-8080-exec-4] Ejb3Column - Binding column: Ejb3JoinColumn{logicalColumnName='null', referencedColumn='null', mappedBy='users'}
[DEBUG] 2022-02-27 04:52:41.068 [http-nio-8080-exec-4] Ejb3Column - Binding column: Ejb3JoinColumn{logicalColumnName='null', referencedColumn='null', mappedBy='users'}
[DEBUG] 2022-02-27 04:52:41.069 [http-nio-8080-exec-4] CollectionBinder - Collection role: edu.matc.entity.User.stories
[DEBUG] 2022-02-27 04:52:41.075 [http-nio-8080-exec-4] PropertyBinder - Building property stories
[TRACE] 2022-02-27 04:52:41.075 [http-nio-8080-exec-4] PropertyBinder - Cascading stories with all,delete,delete-orphan
[TRACE] 2022-02-27 04:52:41.075 [http-nio-8080-exec-4] AnnotationBinder - Processing annotations of edu.matc.entity.User.userName
[TRACE] 2022-02-27 04:52:41.075 [http-nio-8080-exec-4] NormalizingIdentifierHelperImpl - Normalizing identifier quoting [user_name]
[TRACE] 2022-02-27 04:52:41.075 [http-nio-8080-exec-4] NormalizingIdentifierHelperImpl - Normalizing identifier quoting [user_name]
[DEBUG] 2022-02-27 04:52:41.075 [http-nio-8080-exec-4] Ejb3Column - Binding column: Ejb3Column{table=org.hibernate.mapping.Table(users), mappingColumn=user_name, insertable=true, updatable=true, unique=false}
[DEBUG] 2022-02-27 04:52:41.075 [http-nio-8080-exec-4] PropertyBinder - MetadataSourceProcessor property userName with lazy=false
[DEBUG] 2022-02-27 04:52:41.076 [http-nio-8080-exec-4] AbstractPropertyHolder - Attempting to locate auto-apply AttributeConverter for property [edu.matc.entity.User:userName]
[DEBUG] 2022-02-27 04:52:41.076 [http-nio-8080-exec-4] SimpleValueBinder - building SimpleValue for userName
[TRACE] 2022-02-27 04:52:41.076 [http-nio-8080-exec-4] NormalizingIdentifierHelperImpl - Normalizing identifier quoting [user_name]
[DEBUG] 2022-02-27 04:52:41.076 [http-nio-8080-exec-4] PropertyBinder - Building property userName
[TRACE] 2022-02-27 04:52:41.076 [http-nio-8080-exec-4] PropertyBinder - Cascading userName with null
[DEBUG] 2022-02-27 04:52:41.078 [http-nio-8080-exec-4] AnnotationBinder - Binding entity from annotated class: edu.matc.entity.Story
[TRACE] 2022-02-27 04:52:41.078 [http-nio-8080-exec-4] NormalizingIdentifierHelperImpl - Normalizing identifier quoting [DTYPE]
[DEBUG] 2022-02-27 04:52:41.078 [http-nio-8080-exec-4] Ejb3Column - Binding column: Ejb3DiscriminatorColumn{logicalColumnName'DTYPE', discriminatorTypeName='string'}
[DEBUG] 2022-02-27 04:52:41.078 [http-nio-8080-exec-4] EntityBinder - Import with entity name Story
[TRACE] 2022-02-27 04:52:41.078 [http-nio-8080-exec-4] InFlightMetadataCollectorImpl - Import: Story -> edu.matc.entity.Story
[TRACE] 2022-02-27 04:52:41.079 [http-nio-8080-exec-4] InFlightMetadataCollectorImpl - Import: edu.matc.entity.Story -> edu.matc.entity.Story
[TRACE] 2022-02-27 04:52:41.079 [http-nio-8080-exec-4] NormalizingIdentifierHelperImpl - Normalizing identifier quoting [stories]
[TRACE] 2022-02-27 04:52:41.079 [http-nio-8080-exec-4] NormalizingIdentifierHelperImpl - Normalizing identifier quoting [stories]
[DEBUG] 2022-02-27 04:52:41.079 [http-nio-8080-exec-4] EntityBinder - Bind entity edu.matc.entity.Story on table stories
[TRACE] 2022-02-27 04:52:41.082 [http-nio-8080-exec-4] AnnotationBinder - Processing annotations of edu.matc.entity.Story.id
[TRACE] 2022-02-27 04:52:41.083 [http-nio-8080-exec-4] NormalizingIdentifierHelperImpl - Normalizing identifier quoting [id]
[TRACE] 2022-02-27 04:52:41.083 [http-nio-8080-exec-4] NormalizingIdentifierHelperImpl - Normalizing identifier quoting [id]
[DEBUG] 2022-02-27 04:52:41.083 [http-nio-8080-exec-4] Ejb3Column - Binding column: Ejb3Column{table=org.hibernate.mapping.Table(stories), mappingColumn=id, insertable=true, updatable=true, unique=false}
[DEBUG] 2022-02-27 04:52:41.083 [http-nio-8080-exec-4] PropertyBinder - MetadataSourceProcessor property id with lazy=false
[DEBUG] 2022-02-27 04:52:41.083 [http-nio-8080-exec-4] AbstractPropertyHolder - Attempting to locate auto-apply AttributeConverter for property [edu.matc.entity.Story:id]
[DEBUG] 2022-02-27 04:52:41.084 [http-nio-8080-exec-4] SimpleValueBinder - building SimpleValue for id
[TRACE] 2022-02-27 04:52:41.084 [http-nio-8080-exec-4] NormalizingIdentifierHelperImpl - Normalizing identifier quoting [id]
[TRACE] 2022-02-27 04:52:41.084 [http-nio-8080-exec-4] NormalizingIdentifierHelperImpl - Normalizing identifier quoting [id]
[TRACE] 2022-02-27 04:52:41.084 [http-nio-8080-exec-4] NormalizingIdentifierHelperImpl - Normalizing identifier quoting [id]
[DEBUG] 2022-02-27 04:52:41.084 [http-nio-8080-exec-4] PropertyBinder - Building property id
[TRACE] 2022-02-27 04:52:41.084 [http-nio-8080-exec-4] PropertyBinder - Cascading id with null
[TRACE] 2022-02-27 04:52:41.084 [http-nio-8080-exec-4] AnnotationBinder - Add generic generator with name: native
[DEBUG] 2022-02-27 04:52:41.085 [http-nio-8080-exec-4] BinderHelper - #makeIdGenerator(org.hibernate.mapping.SimpleValue([org.hibernate.mapping.Column(id)]), id, org.hibernate.id.enhanced.SequenceStyleGenerator, native, ...)
[TRACE] 2022-02-27 04:52:41.085 [http-nio-8080-exec-4] AnnotationBinder - Bind @Id on id
[TRACE] 2022-02-27 04:52:41.085 [http-nio-8080-exec-4] AnnotationBinder - Processing annotations of edu.matc.entity.Story.dateCreated
[TRACE] 2022-02-27 04:52:41.085 [http-nio-8080-exec-4] NormalizingIdentifierHelperImpl - Normalizing identifier quoting [date_created]
[TRACE] 2022-02-27 04:52:41.085 [http-nio-8080-exec-4] NormalizingIdentifierHelperImpl - Normalizing identifier quoting [date_created]
[DEBUG] 2022-02-27 04:52:41.085 [http-nio-8080-exec-4] Ejb3Column - Binding column: Ejb3Column{table=org.hibernate.mapping.Table(stories), mappingColumn=date_created, insertable=true, updatable=true, unique=false}
[DEBUG] 2022-02-27 04:52:41.085 [http-nio-8080-exec-4] PropertyBinder - MetadataSourceProcessor property dateCreated with lazy=false
[DEBUG] 2022-02-27 04:52:41.085 [http-nio-8080-exec-4] AbstractPropertyHolder - Attempting to locate auto-apply AttributeConverter for property [edu.matc.entity.Story:dateCreated]
[DEBUG] 2022-02-27 04:52:41.086 [http-nio-8080-exec-4] SimpleValueBinder - building SimpleValue for dateCreated
[TRACE] 2022-02-27 04:52:41.086 [http-nio-8080-exec-4] NormalizingIdentifierHelperImpl - Normalizing identifier quoting [date_created]
[DEBUG] 2022-02-27 04:52:41.086 [http-nio-8080-exec-4] PropertyBinder - Building property dateCreated
[TRACE] 2022-02-27 04:52:41.086 [http-nio-8080-exec-4] PropertyBinder - Cascading dateCreated with null
[TRACE] 2022-02-27 04:52:41.086 [http-nio-8080-exec-4] AnnotationBinder - Processing annotations of edu.matc.entity.Story.description
[TRACE] 2022-02-27 04:52:41.086 [http-nio-8080-exec-4] NormalizingIdentifierHelperImpl - Normalizing identifier quoting [description]
[TRACE] 2022-02-27 04:52:41.086 [http-nio-8080-exec-4] NormalizingIdentifierHelperImpl - Normalizing identifier quoting [description]
[DEBUG] 2022-02-27 04:52:41.087 [http-nio-8080-exec-4] Ejb3Column - Binding column: Ejb3Column{table=org.hibernate.mapping.Table(stories), mappingColumn=description, insertable=true, updatable=true, unique=false}
[DEBUG] 2022-02-27 04:52:41.087 [http-nio-8080-exec-4] PropertyBinder - MetadataSourceProcessor property description with lazy=false
[DEBUG] 2022-02-27 04:52:41.087 [http-nio-8080-exec-4] AbstractPropertyHolder - Attempting to locate auto-apply AttributeConverter for property [edu.matc.entity.Story:description]
[DEBUG] 2022-02-27 04:52:41.087 [http-nio-8080-exec-4] SimpleValueBinder - building SimpleValue for description
[TRACE] 2022-02-27 04:52:41.087 [http-nio-8080-exec-4] NormalizingIdentifierHelperImpl - Normalizing identifier quoting [description]
[TRACE] 2022-02-27 04:52:41.087 [http-nio-8080-exec-4] NormalizingIdentifierHelperImpl - Normalizing identifier quoting [description]
[TRACE] 2022-02-27 04:52:41.087 [http-nio-8080-exec-4] NormalizingIdentifierHelperImpl - Normalizing identifier quoting [description]
[DEBUG] 2022-02-27 04:52:41.088 [http-nio-8080-exec-4] PropertyBinder - Building property description
[TRACE] 2022-02-27 04:52:41.088 [http-nio-8080-exec-4] PropertyBinder - Cascading description with null
[TRACE] 2022-02-27 04:52:41.088 [http-nio-8080-exec-4] AnnotationBinder - Processing annotations of edu.matc.entity.Story.title
[TRACE] 2022-02-27 04:52:41.088 [http-nio-8080-exec-4] NormalizingIdentifierHelperImpl - Normalizing identifier quoting [title]
[TRACE] 2022-02-27 04:52:41.088 [http-nio-8080-exec-4] NormalizingIdentifierHelperImpl - Normalizing identifier quoting [title]
[DEBUG] 2022-02-27 04:52:41.088 [http-nio-8080-exec-4] Ejb3Column - Binding column: Ejb3Column{table=org.hibernate.mapping.Table(stories), mappingColumn=title, insertable=true, updatable=true, unique=false}
[DEBUG] 2022-02-27 04:52:41.089 [http-nio-8080-exec-4] PropertyBinder - MetadataSourceProcessor property title with lazy=false
[DEBUG] 2022-02-27 04:52:41.089 [http-nio-8080-exec-4] AbstractPropertyHolder - Attempting to locate auto-apply AttributeConverter for property [edu.matc.entity.Story:title]
[DEBUG] 2022-02-27 04:52:41.089 [http-nio-8080-exec-4] SimpleValueBinder - building SimpleValue for title
[TRACE] 2022-02-27 04:52:41.089 [http-nio-8080-exec-4] NormalizingIdentifierHelperImpl - Normalizing identifier quoting [title]
[TRACE] 2022-02-27 04:52:41.089 [http-nio-8080-exec-4] NormalizingIdentifierHelperImpl - Normalizing identifier quoting [title]
[TRACE] 2022-02-27 04:52:41.089 [http-nio-8080-exec-4] NormalizingIdentifierHelperImpl - Normalizing identifier quoting [title]
[DEBUG] 2022-02-27 04:52:41.089 [http-nio-8080-exec-4] PropertyBinder - Building property title
[TRACE] 2022-02-27 04:52:41.090 [http-nio-8080-exec-4] PropertyBinder - Cascading title with null
[TRACE] 2022-02-27 04:52:41.090 [http-nio-8080-exec-4] AnnotationBinder - Processing annotations of edu.matc.entity.Story.user
[DEBUG] 2022-02-27 04:52:41.090 [http-nio-8080-exec-4] Ejb3Column - Binding column: Ejb3JoinColumn{logicalColumnName='null', referencedColumn='null', mappedBy='null'}
[TRACE] 2022-02-27 04:52:41.090 [http-nio-8080-exec-4] NormalizingIdentifierHelperImpl - Normalizing identifier quoting [user]
[TRACE] 2022-02-27 04:52:41.090 [http-nio-8080-exec-4] NormalizingIdentifierHelperImpl - Normalizing identifier quoting [user]
[DEBUG] 2022-02-27 04:52:41.090 [http-nio-8080-exec-4] Ejb3Column - Binding column: Ejb3Column{table=org.hibernate.mapping.Table(stories), mappingColumn=user, insertable=true, updatable=true, unique=false}
[DEBUG] 2022-02-27 04:52:41.093 [http-nio-8080-exec-4] PropertyBinder - Building property user
[TRACE] 2022-02-27 04:52:41.093 [http-nio-8080-exec-4] PropertyBinder - Cascading user with none
[DEBUG] 2022-02-27 04:52:41.094 [http-nio-8080-exec-4] AnnotationBinder - Binding entity from annotated class: edu.matc.entity.StoryBranch
[TRACE] 2022-02-27 04:52:41.094 [http-nio-8080-exec-4] NormalizingIdentifierHelperImpl - Normalizing identifier quoting [DTYPE]
[DEBUG] 2022-02-27 04:52:41.094 [http-nio-8080-exec-4] Ejb3Column - Binding column: Ejb3DiscriminatorColumn{logicalColumnName'DTYPE', discriminatorTypeName='string'}
[DEBUG] 2022-02-27 04:52:41.094 [http-nio-8080-exec-4] EntityBinder - Import with entity name StoryBranch
[TRACE] 2022-02-27 04:52:41.094 [http-nio-8080-exec-4] InFlightMetadataCollectorImpl - Import: StoryBranch -> edu.matc.entity.StoryBranch
[TRACE] 2022-02-27 04:52:41.094 [http-nio-8080-exec-4] InFlightMetadataCollectorImpl - Import: edu.matc.entity.StoryBranch -> edu.matc.entity.StoryBranch
[TRACE] 2022-02-27 04:52:41.094 [http-nio-8080-exec-4] NormalizingIdentifierHelperImpl - Normalizing identifier quoting [story_branches]
[TRACE] 2022-02-27 04:52:41.094 [http-nio-8080-exec-4] NormalizingIdentifierHelperImpl - Normalizing identifier quoting [story_branches]
[DEBUG] 2022-02-27 04:52:41.094 [http-nio-8080-exec-4] EntityBinder - Bind entity edu.matc.entity.StoryBranch on table story_branches
[TRACE] 2022-02-27 04:52:41.095 [http-nio-8080-exec-4] AnnotationBinder - Processing annotations of edu.matc.entity.StoryBranch.id
[TRACE] 2022-02-27 04:52:41.095 [http-nio-8080-exec-4] NormalizingIdentifierHelperImpl - Normalizing identifier quoting [id]
[TRACE] 2022-02-27 04:52:41.095 [http-nio-8080-exec-4] NormalizingIdentifierHelperImpl - Normalizing identifier quoting [id]
[DEBUG] 2022-02-27 04:52:41.095 [http-nio-8080-exec-4] Ejb3Column - Binding column: Ejb3Column{table=org.hibernate.mapping.Table(story_branches), mappingColumn=id, insertable=true, updatable=true, unique=false}
[DEBUG] 2022-02-27 04:52:41.095 [http-nio-8080-exec-4] PropertyBinder - MetadataSourceProcessor property id with lazy=false
[DEBUG] 2022-02-27 04:52:41.095 [http-nio-8080-exec-4] AbstractPropertyHolder - Attempting to locate auto-apply AttributeConverter for property [edu.matc.entity.StoryBranch:id]
[DEBUG] 2022-02-27 04:52:41.095 [http-nio-8080-exec-4] SimpleValueBinder - building SimpleValue for id
[TRACE] 2022-02-27 04:52:41.095 [http-nio-8080-exec-4] NormalizingIdentifierHelperImpl - Normalizing identifier quoting [id]
[TRACE] 2022-02-27 04:52:41.095 [http-nio-8080-exec-4] NormalizingIdentifierHelperImpl - Normalizing identifier quoting [id]
[TRACE] 2022-02-27 04:52:41.095 [http-nio-8080-exec-4] NormalizingIdentifierHelperImpl - Normalizing identifier quoting [id]
[DEBUG] 2022-02-27 04:52:41.095 [http-nio-8080-exec-4] PropertyBinder - Building property id
[TRACE] 2022-02-27 04:52:41.095 [http-nio-8080-exec-4] PropertyBinder - Cascading id with null
[TRACE] 2022-02-27 04:52:41.096 [http-nio-8080-exec-4] AnnotationBinder - Add generic generator with name: native
[DEBUG] 2022-02-27 04:52:41.096 [http-nio-8080-exec-4] BinderHelper - #makeIdGenerator(org.hibernate.mapping.SimpleValue([org.hibernate.mapping.Column(id)]), id, org.hibernate.id.enhanced.SequenceStyleGenerator, native, ...)
[TRACE] 2022-02-27 04:52:41.096 [http-nio-8080-exec-4] AnnotationBinder - Bind @Id on id
[TRACE] 2022-02-27 04:52:41.096 [http-nio-8080-exec-4] AnnotationBinder - Processing annotations of edu.matc.entity.StoryBranch.choice1
[TRACE] 2022-02-27 04:52:41.096 [http-nio-8080-exec-4] NormalizingIdentifierHelperImpl - Normalizing identifier quoting [choice_one]
[TRACE] 2022-02-27 04:52:41.096 [http-nio-8080-exec-4] NormalizingIdentifierHelperImpl - Normalizing identifier quoting [choice_one]
[DEBUG] 2022-02-27 04:52:41.096 [http-nio-8080-exec-4] Ejb3Column - Binding column: Ejb3Column{table=org.hibernate.mapping.Table(story_branches), mappingColumn=choice_one, insertable=true, updatable=true, unique=false}
[DEBUG] 2022-02-27 04:52:41.096 [http-nio-8080-exec-4] PropertyBinder - MetadataSourceProcessor property choice1 with lazy=false
[DEBUG] 2022-02-27 04:52:41.097 [http-nio-8080-exec-4] AbstractPropertyHolder - Attempting to locate auto-apply AttributeConverter for property [edu.matc.entity.StoryBranch:choice1]
[DEBUG] 2022-02-27 04:52:41.097 [http-nio-8080-exec-4] SimpleValueBinder - building SimpleValue for choice1
[TRACE] 2022-02-27 04:52:41.097 [http-nio-8080-exec-4] NormalizingIdentifierHelperImpl - Normalizing identifier quoting [choice_one]
[DEBUG] 2022-02-27 04:52:41.097 [http-nio-8080-exec-4] PropertyBinder - Building property choice1
[TRACE] 2022-02-27 04:52:41.097 [http-nio-8080-exec-4] PropertyBinder - Cascading choice1 with null
[TRACE] 2022-02-27 04:52:41.097 [http-nio-8080-exec-4] AnnotationBinder - Processing annotations of edu.matc.entity.StoryBranch.choice2
[TRACE] 2022-02-27 04:52:41.097 [http-nio-8080-exec-4] NormalizingIdentifierHelperImpl - Normalizing identifier quoting [choice_two]
[TRACE] 2022-02-27 04:52:41.098 [http-nio-8080-exec-4] NormalizingIdentifierHelperImpl - Normalizing identifier quoting [choice_two]
[DEBUG] 2022-02-27 04:52:41.098 [http-nio-8080-exec-4] Ejb3Column - Binding column: Ejb3Column{table=org.hibernate.mapping.Table(story_branches), mappingColumn=choice_two, insertable=true, updatable=true, unique=false}
[DEBUG] 2022-02-27 04:52:41.098 [http-nio-8080-exec-4] PropertyBinder - MetadataSourceProcessor property choice2 with lazy=false
[DEBUG] 2022-02-27 04:52:41.098 [http-nio-8080-exec-4] AbstractPropertyHolder - Attempting to locate auto-apply AttributeConverter for property [edu.matc.entity.StoryBranch:choice2]
[DEBUG] 2022-02-27 04:52:41.098 [http-nio-8080-exec-4] SimpleValueBinder - building SimpleValue for choice2
[TRACE] 2022-02-27 04:52:41.098 [http-nio-8080-exec-4] NormalizingIdentifierHelperImpl - Normalizing identifier quoting [choice_two]
[DEBUG] 2022-02-27 04:52:41.098 [http-nio-8080-exec-4] PropertyBinder - Building property choice2
[TRACE] 2022-02-27 04:52:41.098 [http-nio-8080-exec-4] PropertyBinder - Cascading choice2 with null
[TRACE] 2022-02-27 04:52:41.098 [http-nio-8080-exec-4] AnnotationBinder - Processing annotations of edu.matc.entity.StoryBranch.excerptDescription
[TRACE] 2022-02-27 04:52:41.099 [http-nio-8080-exec-4] NormalizingIdentifierHelperImpl - Normalizing identifier quoting [excerpt_description]
[TRACE] 2022-02-27 04:52:41.099 [http-nio-8080-exec-4] NormalizingIdentifierHelperImpl - Normalizing identifier quoting [excerpt_description]
[DEBUG] 2022-02-27 04:52:41.099 [http-nio-8080-exec-4] Ejb3Column - Binding column: Ejb3Column{table=org.hibernate.mapping.Table(story_branches), mappingColumn=excerpt_description, insertable=true, updatable=true, unique=false}
[DEBUG] 2022-02-27 04:52:41.099 [http-nio-8080-exec-4] PropertyBinder - MetadataSourceProcessor property excerptDescription with lazy=false
[DEBUG] 2022-02-27 04:52:41.099 [http-nio-8080-exec-4] AbstractPropertyHolder - Attempting to locate auto-apply AttributeConverter for property [edu.matc.entity.StoryBranch:excerptDescription]
[DEBUG] 2022-02-27 04:52:41.099 [http-nio-8080-exec-4] SimpleValueBinder - building SimpleValue for excerptDescription
[TRACE] 2022-02-27 04:52:41.099 [http-nio-8080-exec-4] NormalizingIdentifierHelperImpl - Normalizing identifier quoting [excerpt_description]
[DEBUG] 2022-02-27 04:52:41.099 [http-nio-8080-exec-4] PropertyBinder - Building property excerptDescription
[TRACE] 2022-02-27 04:52:41.099 [http-nio-8080-exec-4] PropertyBinder - Cascading excerptDescription with null
[TRACE] 2022-02-27 04:52:41.100 [http-nio-8080-exec-4] AnnotationBinder - Processing annotations of edu.matc.entity.StoryBranch.storyId
[TRACE] 2022-02-27 04:52:41.100 [http-nio-8080-exec-4] NormalizingIdentifierHelperImpl - Normalizing identifier quoting [story_id]
[TRACE] 2022-02-27 04:52:41.100 [http-nio-8080-exec-4] NormalizingIdentifierHelperImpl - Normalizing identifier quoting [story_id]
[DEBUG] 2022-02-27 04:52:41.101 [http-nio-8080-exec-4] Ejb3Column - Binding column: Ejb3Column{table=org.hibernate.mapping.Table(story_branches), mappingColumn=story_id, insertable=true, updatable=true, unique=false}
[DEBUG] 2022-02-27 04:52:41.101 [http-nio-8080-exec-4] PropertyBinder - MetadataSourceProcessor property storyId with lazy=false
[DEBUG] 2022-02-27 04:52:41.101 [http-nio-8080-exec-4] AbstractPropertyHolder - Attempting to locate auto-apply AttributeConverter for property [edu.matc.entity.StoryBranch:storyId]
[DEBUG] 2022-02-27 04:52:41.101 [http-nio-8080-exec-4] SimpleValueBinder - building SimpleValue for storyId
[TRACE] 2022-02-27 04:52:41.101 [http-nio-8080-exec-4] NormalizingIdentifierHelperImpl - Normalizing identifier quoting [story_id]
[DEBUG] 2022-02-27 04:52:41.101 [http-nio-8080-exec-4] PropertyBinder - Building property storyId
[TRACE] 2022-02-27 04:52:41.101 [http-nio-8080-exec-4] PropertyBinder - Cascading storyId with null
[DEBUG] 2022-02-27 04:52:41.104 [http-nio-8080-exec-4] SimpleValueBinder - Starting fillSimpleValue for id
[DEBUG] 2022-02-27 04:52:41.104 [http-nio-8080-exec-4] SimpleValueBinder - Starting fillSimpleValue for email
[DEBUG] 2022-02-27 04:52:41.104 [http-nio-8080-exec-4] SimpleValueBinder - Starting fillSimpleValue for firstName
[DEBUG] 2022-02-27 04:52:41.104 [http-nio-8080-exec-4] SimpleValueBinder - Starting fillSimpleValue for lastName
[DEBUG] 2022-02-27 04:52:41.105 [http-nio-8080-exec-4] SimpleValueBinder - Starting fillSimpleValue for password
[DEBUG] 2022-02-27 04:52:41.105 [http-nio-8080-exec-4] SimpleValueBinder - Starting fillSimpleValue for userName
[DEBUG] 2022-02-27 04:52:41.105 [http-nio-8080-exec-4] SimpleValueBinder - Starting fillSimpleValue for id
[DEBUG] 2022-02-27 04:52:41.105 [http-nio-8080-exec-4] SimpleValueBinder - Starting fillSimpleValue for dateCreated
[DEBUG] 2022-02-27 04:52:41.105 [http-nio-8080-exec-4] SimpleValueBinder - Starting fillSimpleValue for description
[DEBUG] 2022-02-27 04:52:41.105 [http-nio-8080-exec-4] SimpleValueBinder - Starting fillSimpleValue for title
[DEBUG] 2022-02-27 04:52:41.105 [http-nio-8080-exec-4] SimpleValueBinder - Starting fillSimpleValue for id
[DEBUG] 2022-02-27 04:52:41.105 [http-nio-8080-exec-4] SimpleValueBinder - Starting fillSimpleValue for choice1
[DEBUG] 2022-02-27 04:52:41.105 [http-nio-8080-exec-4] SimpleValueBinder - Starting fillSimpleValue for choice2
[DEBUG] 2022-02-27 04:52:41.105 [http-nio-8080-exec-4] SimpleValueBinder - Starting fillSimpleValue for excerptDescription
[DEBUG] 2022-02-27 04:52:41.105 [http-nio-8080-exec-4] SimpleValueBinder - Starting fillSimpleValue for storyId
[TRACE] 2022-02-27 04:52:41.106 [http-nio-8080-exec-4] NormalizingIdentifierHelperImpl - Normalizing identifier quoting [id]
[TRACE] 2022-02-27 04:52:41.109 [http-nio-8080-exec-4] NormalizingIdentifierHelperImpl - Normalizing identifier quoting [users]
[TRACE] 2022-02-27 04:52:41.109 [http-nio-8080-exec-4] NormalizingIdentifierHelperImpl - Normalizing identifier quoting [id]
[TRACE] 2022-02-27 04:52:41.109 [http-nio-8080-exec-4] NormalizingIdentifierHelperImpl - Normalizing identifier quoting [user_id]
[TRACE] 2022-02-27 04:52:41.109 [http-nio-8080-exec-4] NormalizingIdentifierHelperImpl - Normalizing identifier quoting [user_id]
[TRACE] 2022-02-27 04:52:41.109 [http-nio-8080-exec-4] NormalizingIdentifierHelperImpl - Normalizing identifier quoting [id]
[TRACE] 2022-02-27 04:52:41.109 [http-nio-8080-exec-4] NormalizingIdentifierHelperImpl - Normalizing identifier quoting [user_id]
[TRACE] 2022-02-27 04:52:41.109 [http-nio-8080-exec-4] NormalizingIdentifierHelperImpl - Normalizing identifier quoting [user_id]
[DEBUG] 2022-02-27 04:52:41.115 [http-nio-8080-exec-4] PrimaryKey - Forcing column [id] to be non-null as it is part of the primary key for table [users]
[DEBUG] 2022-02-27 04:52:41.118 [http-nio-8080-exec-4] PrimaryKey - Forcing column [id] to be non-null as it is part of the primary key for table [stories]
[DEBUG] 2022-02-27 04:52:41.119 [http-nio-8080-exec-4] PrimaryKey - Forcing column [id] to be non-null as it is part of the primary key for table [story_branches]
[DEBUG] 2022-02-27 04:52:41.119 [http-nio-8080-exec-4] CollectionSecondPass - Second pass for collection: edu.matc.entity.User.stories
