[DEBUG] 2022-05-09 11:33:58.116 [http-nio-8080-exec-8] GenericDao - Searching for order with branchDescription = kljhkjh
[DEBUG] 2022-05-09 11:34:12.771 [http-nio-8080-exec-1] GenericDao - Searching for order with branchDescription = lkjhlkjhl
[DEBUG] 2022-05-09 11:39:46.603 [http-nio-8080-exec-8] GenericDao - Searching for entity with title like unique
[DEBUG] 2022-05-09 17:14:48.878 [http-nio-8080-exec-6] GenericDao - Searching for entity with userName like unique
[DEBUG] 2022-05-09 17:14:49.611 [http-nio-8080-exec-6] GenericDao - Searching for entity with title like unique
[DEBUG] 2022-05-09 17:15:05.750 [http-nio-8080-exec-8] GenericDao - Searching for entity with userName like user
[DEBUG] 2022-05-09 17:15:07.693 [http-nio-8080-exec-8] GenericDao - Searching for entity with title like user
[DEBUG] 2022-05-09 17:15:37.594 [http-nio-8080-exec-1] GenericDao - Searching for entity with userName like username
[DEBUG] 2022-05-09 17:15:39.494 [http-nio-8080-exec-1] GenericDao - Searching for entity with title like username
[DEBUG] 2022-05-09 17:18:58.224 [http-nio-8080-exec-4] GenericDao - Searching for entity with userName like user
[DEBUG] 2022-05-09 17:19:00.905 [http-nio-8080-exec-4] GenericDao - Searching for entity with title like user
[DEBUG] 2022-05-09 17:19:15.196 [http-nio-8080-exec-6] GenericDao - Searching for entity with userName like anwagner
[DEBUG] 2022-05-09 17:19:15.868 [http-nio-8080-exec-6] GenericDao - Searching for entity with title like anwagner
[DEBUG] 2022-05-09 17:19:55.244 [http-nio-8080-exec-9] GenericDao - Searching for entity with userName like fake
[DEBUG] 2022-05-09 17:19:55.479 [http-nio-8080-exec-9] GenericDao - Searching for entity with title like fake
[DEBUG] 2022-05-09 17:47:06.621 [http-nio-8080-exec-6] GenericDao - Searching for entity with tagDescription like yellow
[DEBUG] 2022-05-09 17:50:11.293 [http-nio-8080-exec-4] GenericDao - Searching for entity with tagDescription like yellow
[DEBUG] 2022-05-09 17:52:37.286 [http-nio-8080-exec-6] GenericDao - Searching for entity with tag like yellow
[DEBUG] 2022-05-09 17:52:37.286 [http-nio-8080-exec-4] GenericDao - Searching for entity with tag like yellow
[DEBUG] 2022-05-09 17:52:37.286 [http-nio-8080-exec-5] GenericDao - Searching for entity with tag like yellow
[DEBUG] 2022-05-09 17:52:38.163 [http-nio-8080-exec-4] GenericDao - Searching for entity with userName like yellow
[DEBUG] 2022-05-09 17:52:38.163 [http-nio-8080-exec-5] GenericDao - Searching for entity with userName like yellow
[DEBUG] 2022-05-09 17:52:38.163 [http-nio-8080-exec-6] GenericDao - Searching for entity with userName like yellow
[DEBUG] 2022-05-09 17:52:38.379 [http-nio-8080-exec-6] GenericDao - Searching for entity with title like yellow
[DEBUG] 2022-05-09 17:52:38.383 [http-nio-8080-exec-5] GenericDao - Searching for entity with title like yellow
[DEBUG] 2022-05-09 17:52:38.384 [http-nio-8080-exec-4] GenericDao - Searching for entity with title like yellow
[DEBUG] 2022-05-09 17:55:49.485 [http-nio-8080-exec-3] GenericDao - Searching for order with branchDescription = jslkfjdfklj
[DEBUG] 2022-05-09 17:55:59.725 [http-nio-8080-exec-6] GenericDao - Searching for entity with tag like red
[DEBUG] 2022-05-09 17:56:00.287 [http-nio-8080-exec-6] GenericDao - Searching for entity with userName like red
[DEBUG] 2022-05-09 17:56:00.506 [http-nio-8080-exec-6] GenericDao - Searching for entity with title like red
[DEBUG] 2022-05-09 18:17:59.833 [http-nio-8080-exec-6] GenericDao - Searching for entity with tag like red
[DEBUG] 2022-05-09 18:18:00.845 [http-nio-8080-exec-6] GenericDao - Searching for entity with userName like red
[DEBUG] 2022-05-09 18:18:01.062 [http-nio-8080-exec-6] GenericDao - Searching for entity with title like red
[DEBUG] 2022-05-09 18:29:07.969 [http-nio-8080-exec-4] GenericDao - Searching for entity with tag like red
[DEBUG] 2022-05-09 18:29:08.865 [http-nio-8080-exec-4] GenericDao - Searching for entity with userName like red
[DEBUG] 2022-05-09 18:29:09.091 [http-nio-8080-exec-4] GenericDao - Searching for entity with title like red
[DEBUG] 2022-05-09 18:35:15.745 [http-nio-8080-exec-4] GenericDao - Searching for entity with title like red
[DEBUG] 2022-05-09 18:35:15.745 [http-nio-8080-exec-6] GenericDao - Searching for entity with title like red
[DEBUG] 2022-05-09 18:35:15.745 [http-nio-8080-exec-5] GenericDao - Searching for entity with title like red
[DEBUG] 2022-05-09 18:35:16.594 [http-nio-8080-exec-5] GenericDao - Searching for entity with tag like red
[DEBUG] 2022-05-09 18:35:16.594 [http-nio-8080-exec-4] GenericDao - Searching for entity with tag like red
[DEBUG] 2022-05-09 18:35:16.595 [http-nio-8080-exec-6] GenericDao - Searching for entity with tag like red
[DEBUG] 2022-05-09 18:35:17.020 [http-nio-8080-exec-6] GenericDao - Searching for entity with userName like red
[DEBUG] 2022-05-09 18:35:17.022 [http-nio-8080-exec-5] GenericDao - Searching for entity with userName like red
[DEBUG] 2022-05-09 18:35:17.025 [http-nio-8080-exec-4] GenericDao - Searching for entity with userName like red
[DEBUG] 2022-05-09 18:38:03.393 [http-nio-8080-exec-6] GenericDao - Searching for entity with title like red
[DEBUG] 2022-05-09 18:38:04.248 [http-nio-8080-exec-6] GenericDao - Searching for entity with tag like red
[DEBUG] 2022-05-09 18:38:04.670 [http-nio-8080-exec-6] GenericDao - Searching for entity with userName like red
[DEBUG] 2022-05-09 18:40:06.245 [http-nio-8080-exec-4] GenericDao - Searching for entity with title like red
[DEBUG] 2022-05-09 18:40:07.024 [http-nio-8080-exec-4] GenericDao - Searching for entity with tag like red
[DEBUG] 2022-05-09 18:40:07.413 [http-nio-8080-exec-4] GenericDao - Searching for entity with userName like red
[DEBUG] 2022-05-09 19:14:00.444 [http-nio-8080-exec-4] GenericDao - Searching for entity with title like red
[DEBUG] 2022-05-09 19:14:01.226 [http-nio-8080-exec-4] GenericDao - Searching for entity with tag like red
[DEBUG] 2022-05-09 19:14:01.599 [http-nio-8080-exec-4] GenericDao - Searching for entity with userName like red
[DEBUG] 2022-05-09 19:16:47.964 [http-nio-8080-exec-4] GenericDao - Searching for entity with title like red
[DEBUG] 2022-05-09 19:16:48.806 [http-nio-8080-exec-4] GenericDao - Searching for entity with tag like red
[DEBUG] 2022-05-09 19:16:49.211 [http-nio-8080-exec-4] GenericDao - Searching for entity with userName like red
[DEBUG] 2022-05-09 19:19:15.916 [http-nio-8080-exec-4] GenericDao - Searching for entity with title like red
[DEBUG] 2022-05-09 19:19:16.728 [http-nio-8080-exec-4] GenericDao - Searching for entity with tag like red
[DEBUG] 2022-05-09 19:19:17.143 [http-nio-8080-exec-4] GenericDao - Searching for entity with userName like red
[DEBUG] 2022-05-09 19:27:27.598 [http-nio-8080-exec-4] GenericDao - Searching for entity with title like red
[DEBUG] 2022-05-09 19:27:28.396 [http-nio-8080-exec-4] GenericDao - Searching for entity with tag like red
[DEBUG] 2022-05-09 19:27:28.773 [http-nio-8080-exec-4] GenericDao - Searching for entity with userName like red
[DEBUG] 2022-05-09 19:31:18.875 [http-nio-8080-exec-4] GenericDao - Searching for entity with title like red
[DEBUG] 2022-05-09 19:31:19.662 [http-nio-8080-exec-4] GenericDao - Searching for entity with tag like red
[DEBUG] 2022-05-09 19:31:20.053 [http-nio-8080-exec-4] GenericDao - Searching for entity with userName like red
[DEBUG] 2022-05-09 19:32:52.053 [http-nio-8080-exec-10] GenericDao - Searching for entity with title like yellow
[DEBUG] 2022-05-09 19:32:52.244 [http-nio-8080-exec-10] GenericDao - Searching for entity with tag like yellow
[DEBUG] 2022-05-09 19:32:52.555 [http-nio-8080-exec-10] GenericDao - Searching for entity with userName like yellow
[DEBUG] 2022-05-09 19:32:59.766 [http-nio-8080-exec-1] GenericDao - Searching for entity with title like jhkjhgi
[DEBUG] 2022-05-09 19:33:00.091 [http-nio-8080-exec-1] GenericDao - Searching for entity with tag like jhkjhgi
[DEBUG] 2022-05-09 19:33:00.318 [http-nio-8080-exec-1] GenericDao - Searching for entity with userName like jhkjhgi
[DEBUG] 2022-05-09 19:33:05.337 [http-nio-8080-exec-2] GenericDao - Searching for entity with title like title
[DEBUG] 2022-05-09 19:33:05.754 [http-nio-8080-exec-2] GenericDao - Searching for entity with tag like title
[DEBUG] 2022-05-09 19:33:05.969 [http-nio-8080-exec-2] GenericDao - Searching for entity with userName like title
[DEBUG] 2022-05-09 19:35:10.488 [http-nio-8080-exec-4] GenericDao - Searching for entity with title like red
[DEBUG] 2022-05-09 19:35:11.326 [http-nio-8080-exec-4] GenericDao - Searching for entity with tag like red
[DEBUG] 2022-05-09 19:35:11.724 [http-nio-8080-exec-4] GenericDao - Searching for entity with userName like red
[DEBUG] 2022-05-09 19:42:33.918 [http-nio-8080-exec-6] GenericDao - Searching for entity with title like red
[DEBUG] 2022-05-09 19:42:34.718 [http-nio-8080-exec-6] GenericDao - Searching for entity with tag like red
[DEBUG] 2022-05-09 19:42:35.127 [http-nio-8080-exec-6] GenericDao - Searching for entity with userName like red
[DEBUG] 2022-05-10 05:32:29.556 [http-nio-8080-exec-4] GenericDao - Searching for entity with title like red
[DEBUG] 2022-05-10 05:32:30.628 [http-nio-8080-exec-4] GenericDao - Searching for entity with tag like red
[DEBUG] 2022-05-10 05:32:31.214 [http-nio-8080-exec-4] GenericDao - Searching for entity with userName like red
[DEBUG] 2022-05-10 06:07:22.510 [http-nio-8080-exec-8] GenericDao - Searching for order with branchDescription = First Branch
[DEBUG] 2022-05-10 07:17:48.583 [http-nio-8080-exec-4] GenericDao - Searching for entity with title like red
[DEBUG] 2022-05-10 07:17:49.411 [http-nio-8080-exec-4] GenericDao - Searching for entity with tag like red
[DEBUG] 2022-05-10 07:17:49.815 [http-nio-8080-exec-4] GenericDao - Searching for entity with userName like red
[DEBUG] 2022-05-10 07:17:52.959 [http-nio-8080-exec-6] GenericDao - Searching for order with storyId = 17
[DEBUG] 2022-05-10 07:31:46.178 [http-nio-8080-exec-10] GenericDao - Searching for order with branchDescription = Green
[DEBUG] 2022-05-10 07:31:49.822 [http-nio-8080-exec-1] GenericDao - Searching for entity with title like red
[DEBUG] 2022-05-10 07:31:50.100 [http-nio-8080-exec-1] GenericDao - Searching for entity with tag like red
[DEBUG] 2022-05-10 07:31:50.479 [http-nio-8080-exec-1] GenericDao - Searching for entity with userName like red
[DEBUG] 2022-05-10 10:22:05.270 [http-nio-8080-exec-4] GenericDao - Searching for entity with title like red
[DEBUG] 2022-05-10 10:22:06.100 [http-nio-8080-exec-4] GenericDao - Searching for entity with tag like red
[DEBUG] 2022-05-10 10:22:06.487 [http-nio-8080-exec-4] GenericDao - Searching for entity with userName like red
[DEBUG] 2022-05-10 10:27:21.153 [http-nio-8080-exec-4] GenericDao - Searching for entity with title like red
[DEBUG] 2022-05-10 10:27:22.022 [http-nio-8080-exec-4] GenericDao - Searching for entity with tag like red
[DEBUG] 2022-05-10 10:27:22.410 [http-nio-8080-exec-4] GenericDao - Searching for entity with userName like red
[DEBUG] 2022-05-10 10:34:41.149 [http-nio-8080-exec-6] GenericDao - Searching for entity with title like red
[DEBUG] 2022-05-10 10:34:41.986 [http-nio-8080-exec-6] GenericDao - Searching for entity with tag like red
[DEBUG] 2022-05-10 10:34:42.400 [http-nio-8080-exec-6] GenericDao - Searching for entity with userName like red
[DEBUG] 2022-05-10 10:38:33.835 [http-nio-8080-exec-4] GenericDao - Searching for entity with title like red
[DEBUG] 2022-05-10 10:38:34.662 [http-nio-8080-exec-4] GenericDao - Searching for entity with tag like red
[DEBUG] 2022-05-10 10:38:35.043 [http-nio-8080-exec-4] GenericDao - Searching for entity with userName like red
[DEBUG] 2022-05-10 10:52:52.950 [http-nio-8080-exec-4] GenericDao - Searching for entity with title like red
[DEBUG] 2022-05-10 10:52:53.836 [http-nio-8080-exec-4] GenericDao - Searching for entity with tag like red
[DEBUG] 2022-05-10 10:52:54.252 [http-nio-8080-exec-4] GenericDao - Searching for entity with userName like red
[DEBUG] 2022-05-10 10:54:59.582 [http-nio-8080-exec-4] GenericDao - Searching for entity with title like red
[DEBUG] 2022-05-10 10:55:00.407 [http-nio-8080-exec-4] GenericDao - Searching for entity with tag like red
[DEBUG] 2022-05-10 10:55:00.813 [http-nio-8080-exec-4] GenericDao - Searching for entity with userName like red
[DEBUG] 2022-05-10 10:57:49.685 [http-nio-8080-exec-4] GenericDao - Searching for entity with title like red
[DEBUG] 2022-05-10 10:57:50.516 [http-nio-8080-exec-4] GenericDao - Searching for entity with tag like red
[DEBUG] 2022-05-10 10:57:50.908 [http-nio-8080-exec-4] GenericDao - Searching for entity with userName like red
[DEBUG] 2022-05-10 11:03:46.978 [http-nio-8080-exec-6] GenericDao - Searching for entity with title like red
[DEBUG] 2022-05-10 11:03:47.768 [http-nio-8080-exec-6] GenericDao - Searching for entity with tag like red
[DEBUG] 2022-05-10 11:03:48.142 [http-nio-8080-exec-6] GenericDao - Searching for entity with userName like red
[DEBUG] 2022-05-10 11:22:07.289 [http-nio-8080-exec-3] GenericDao - Searching for order with branchDescription = This is the first excerpt.
[DEBUG] 2022-05-10 11:22:53.540 [http-nio-8080-exec-7] GenericDao - Searching for order with branchDescription = This is the first excerpt.
[DEBUG] 2022-05-10 11:23:26.988 [http-nio-8080-exec-1] GenericDao - Searching for order with branchDescription = This is excerpt 2a.
[DEBUG] 2022-05-10 11:23:56.711 [http-nio-8080-exec-4] GenericDao - Searching for order with branchDescription = This is excerpt 2a.
[DEBUG] 2022-05-10 11:24:23.195 [http-nio-8080-exec-7] GenericDao - Searching for order with branchDescription = This is excerpt 2b.
[DEBUG] 2022-05-10 11:24:51.252 [http-nio-8080-exec-10] GenericDao - Searching for order with branchDescription = This is excerpt 2b.
[DEBUG] 2022-05-10 11:25:19.358 [http-nio-8080-exec-4] GenericDao - Searching for entity with title like romance
[DEBUG] 2022-05-10 11:25:19.607 [http-nio-8080-exec-4] GenericDao - Searching for entity with tag like romance
[DEBUG] 2022-05-10 11:25:20.008 [http-nio-8080-exec-4] GenericDao - Searching for entity with userName like romance
[DEBUG] 2022-05-10 11:25:29.921 [http-nio-8080-exec-6] GenericDao - Searching for entity with title like title
[DEBUG] 2022-05-10 11:25:30.210 [http-nio-8080-exec-6] GenericDao - Searching for entity with tag like title
[DEBUG] 2022-05-10 11:25:30.430 [http-nio-8080-exec-6] GenericDao - Searching for entity with userName like title
[DEBUG] 2022-05-10 11:26:01.348 [http-nio-8080-exec-1] GenericDao - Searching for entity with title like title
[DEBUG] 2022-05-10 11:26:01.629 [http-nio-8080-exec-1] GenericDao - Searching for entity with tag like title
[DEBUG] 2022-05-10 11:26:01.842 [http-nio-8080-exec-1] GenericDao - Searching for entity with userName like title
